[31m       Imagemagick: Command returned pid 24676 exit 4 with error Invalid Parameter - /Users [0m
[31m       Imagemagick: Command returned pid 5784 exit 4 with error Invalid Parameter - /Users [0m
[31m       Imagemagick: Command returned pid 28948 exit 4 with error Invalid Parameter - /Users [0m
[31m       Imagemagick: Command returned pid 3288 exit 4 with error Invalid Parameter - /Users [0m
[31m       Imagemagick: Command returned pid 17568 exit 4 with error Invalid Parameter - /Users [0m
[31m       Imagemagick: Command returned pid 11900 exit 4 with error Invalid Parameter - /Users [0m
[31m       Imagemagick: Command returned pid 22200 exit 4 with error Invalid Parameter - /Users [0m
[31m       Imagemagick: Command returned pid 15488 exit 4 with error Invalid Parameter - /Users [0m
[31m       Imagemagick: Command returned pid 6324 exit 4 with error Invalid Parameter - /Users [0m
[31m       Imagemagick: Command returned pid 5040 exit 4 with error Invalid Parameter - /Users [0m
[31m       Imagemagick: Command returned pid 36324 exit 4 with error Invalid Parameter - /Users [0m
[31m       Imagemagick: Command returned pid 36192 exit 4 with error Invalid Parameter - /Users [0m
[31m       Imagemagick: Command returned pid 10724 exit 4 with error Invalid Parameter - /Users [0m
[31m       Imagemagick: Command returned pid 9960 exit 4 with error Invalid Parameter - /Users [0m
[31m       Imagemagick: Command returned pid 33700 exit 4 with error Invalid Parameter - /Users [0m
[31m       Imagemagick: Command returned pid 33848 exit 4 with error Invalid Parameter - /Users [0m
[31m       Imagemagick: Command returned pid 2492 exit 4 with error Invalid Parameter - /Users [0m
[31m       Imagemagick: Command returned pid 20852 exit 4 with error Invalid Parameter - /Users [0m
[31m       Imagemagick: Command returned pid 33172 exit 4 with error Invalid Parameter - /Users [0m
[31m       Imagemagick: Command returned pid 21700 exit 4 with error Invalid Parameter - /Users [0m
[31m       Imagemagick: Command returned pid 32472 exit 4 with error Invalid Parameter - /Users [0m
[31m       Imagemagick: Command returned pid 22228 exit 4 with error Invalid Parameter - /Users [0m
[31m       Imagemagick: Command returned pid 13052 exit 4 with error Invalid Parameter - /Users [0m
[31m       Imagemagick: Command returned pid 21788 exit 4 with error Invalid Parameter - /Users [0m
[31m       Imagemagick: Command returned pid 13648 exit 4 with error Invalid Parameter - /Users [0m
[31m       Imagemagick: Command returned pid 8004 exit 4 with error Invalid Parameter - /Users [0m
[31m       Imagemagick: Command returned pid 11172 exit 4 with error Invalid Parameter - /Users [0m
[31m       Imagemagick: Command returned pid 17844 exit 4 with error Invalid Parameter - /Users [0m
[31m       Imagemagick: Command returned pid 36536 exit 4 with error Invalid Parameter - /Users [0m
[31m       Imagemagick: Command returned pid 13644 exit 4 with error Invalid Parameter - /Users [0m
[31m       Imagemagick: Command returned pid 37132 exit 4 with error Invalid Parameter - /Users [0m
[31m       Imagemagick: Command returned pid 13324 exit 4 with error Invalid Parameter - /Users [0m
[31m       Imagemagick: Command returned pid 13984 exit 4 with error Invalid Parameter - /Users [0m
[31m       Imagemagick: Command returned pid 19816 exit 4 with error Invalid Parameter - /Users [0m
[31m       Imagemagick: Command returned pid 24924 exit 4 with error Invalid Parameter - /Users [0m
[31m       Imagemagick: Command returned pid 24724 exit 4 with error Invalid Parameter - /Users [0m
[31m       Imagemagick: Command returned pid 2388 exit 4 with error Invalid Parameter - /Users [0m
[31m       Imagemagick: Command returned pid 24624 exit 4 with error Invalid Parameter - /Users [0m
[31m       Imagemagick: Command returned pid 10656 exit 4 with error Invalid Parameter - /Users [0m
[31m       Imagemagick: Command returned pid 34368 exit 4 with error Invalid Parameter - /Users [0m
[31m       Imagemagick: Command returned pid 8828 exit 4 with error Invalid Parameter - /Users [0m
[31m       Imagemagick: Command returned pid 33276 exit 4 with error Invalid Parameter - /Users [0m
[31m       Imagemagick: Command returned pid 33440 exit 4 with error Invalid Parameter - /Users [0m
[31m       Imagemagick: Command returned pid 34360 exit 4 with error Invalid Parameter - /Users [0m
[31m       Imagemagick: Command returned pid 31564 exit 4 with error Invalid Parameter - /Users [0m
[31m       Imagemagick: Command returned pid 20068 exit 4 with error Invalid Parameter - /Users [0m
[31m       Imagemagick: Command returned pid 36308 exit 4 with error Invalid Parameter - /Users [0m
[31m       Imagemagick: Command returned pid 23940 exit 4 with error Invalid Parameter - /Users [0m
[31m       Imagemagick: Command returned pid 34540 exit 4 with error Invalid Parameter - /Users [0m
[31m       Imagemagick: Command returned pid 30716 exit 4 with error Invalid Parameter - /Users [0m
[31m       Imagemagick: Command returned pid 32044 exit 4 with error Invalid Parameter - /Users [0m
[31m       Imagemagick: Command returned pid 32720 exit 4 with error Invalid Parameter - /Users [0m
[31m       Imagemagick: Command returned pid 35984 exit 4 with error Invalid Parameter - /Users [0m
[31m       Imagemagick: Command returned pid 4964 exit 4 with error Invalid Parameter - /Users [0m
[31m       Imagemagick: Command returned pid 11388 exit 4 with error Invalid Parameter - /Users [0m
[31m       Imagemagick: Command returned pid 11044 exit 4 with error Invalid Parameter - /Users [0m
[31m       Imagemagick: Command returned pid 21508 exit 4 with error Invalid Parameter - /Users [0m
[31m       Imagemagick: Command returned pid 33812 exit 4 with error Invalid Parameter - /Users [0m
[31m       Imagemagick: Command returned pid 22780 exit 4 with error Invalid Parameter - /Users [0m
[31m       Imagemagick: Command returned pid 37560 exit 4 with error Invalid Parameter - /Users [0m
[31m       Imagemagick: Command returned pid 33260 exit 4 with error Invalid Parameter - /Users [0m
[31m       Imagemagick: Command returned pid 13524 exit 4 with error Invalid Parameter - /Users [0m
[31m       Imagemagick: Command returned pid 23604 exit 4 with error Invalid Parameter - /Users [0m
[31m       Imagemagick: Command returned pid 2700 exit 4 with error Invalid Parameter - /Users [0m
[31m       Imagemagick: Command returned pid 4464 exit 4 with error Invalid Parameter - /Users [0m
[31m       Imagemagick: Command returned pid 37164 exit 4 with error Invalid Parameter - /Users [0m
[31m       Imagemagick: Command returned pid 7176 exit 4 with error Invalid Parameter - /Users [0m
[31m       Imagemagick: Command returned pid 2168 exit 4 with error Invalid Parameter - /Users [0m
[31m       Imagemagick: Command returned pid 24688 exit 4 with error Invalid Parameter - /Users [0m
[31m       Imagemagick: Command returned pid 12376 exit 4 with error Invalid Parameter - /Users [0m
[31m       Imagemagick: Command returned pid 22524 exit 4 with error Invalid Parameter - /Users [0m
[31m       Imagemagick: Command returned pid 3812 exit 4 with error Invalid Parameter - /Users [0m
[31m       Imagemagick: Command returned pid 14860 exit 4 with error Invalid Parameter - /Users [0m
[31m       Imagemagick: Command returned pid 6400 exit 4 with error Invalid Parameter - /Users [0m
[31m       Imagemagick: Command returned pid 21256 exit 4 with error Invalid Parameter - /Users [0m
[31m       Imagemagick: Command returned pid 30460 exit 4 with error Invalid Parameter - /Users [0m
[31m       Imagemagick: Command returned pid 26208 exit 4 with error Invalid Parameter - /Users [0m
[31m       Imagemagick: Command returned pid 36580 exit 4 with error Invalid Parameter - /Users [0m
[NbConvertApp] Converting notebook C:/Users/aiden/AppData/Local/Temp/jekyll-jupyter-notebook20260422-30968-owsrpv.ipynb to html
Terser Exception: SyntaxError: Syntax error
Terser Exception: SyntaxError: Syntax error
Terser Exception: SyntaxError: Syntax error
Terser Exception: SyntaxError: Syntax error
Terser Exception: SyntaxError: Syntax error
Terser Exception: SyntaxError: Syntax error
Terser Exception: SyntaxError: Syntax error
Terser Exception: SyntaxError: Syntax error
Terser Exception: SyntaxError: Syntax error
Terser Exception: SyntaxError: Syntax error
Terser Exception: SyntaxError: Syntax error
Terser Exception: SyntaxError: Syntax error
Terser Exception: SyntaxError: Syntax error
Terser Exception: SyntaxError: Syntax error
Terser Exception: SyntaxError: Syntax error
Terser Exception: SyntaxError: Syntax error
Terser Exception: SyntaxError: Syntax error
Terser Exception: SyntaxError: Syntax error
Terser Exception: SyntaxError: Syntax error
Terser Exception: SyntaxError: Syntax error
Terser Exception: SyntaxError: Syntax error
Terser Exception: SyntaxError: Syntax error
Terser Exception: SyntaxError: Syntax error
Terser Exception: SyntaxError: Syntax error
Terser Exception: SyntaxError: Syntax error
Terser Exception: SyntaxError: Syntax error
Terser Exception: SyntaxError: Syntax error
Terser Exception: SyntaxError: Syntax error
Terser Exception: SyntaxError: Syntax error
Terser Exception: SyntaxError: Syntax error
  Please add the following to your Gemfile to avoid polling for changes:
    gem 'wdm', '>= 0.1.0'
[31m       Imagemagick: Command returned pid 5420 exit 4 with error Invalid Parameter - /Users [0m
[31m       Imagemagick: Command returned pid 28216 exit 4 with error Invalid Parameter - /Users [0m
[31m       Imagemagick: Command returned pid 28200 exit 4 with error Invalid Parameter - /Users [0m
[31m       Imagemagick: Command returned pid 13596 exit 4 with error Invalid Parameter - /Users [0m
[31m       Imagemagick: Command returned pid 27008 exit 4 with error Invalid Parameter - /Users [0m
[31m       Imagemagick: Command returned pid 12180 exit 4 with error Invalid Parameter - /Users [0m
[31m       Imagemagick: Command returned pid 17504 exit 4 with error Invalid Parameter - /Users [0m
[31m       Imagemagick: Command returned pid 25320 exit 4 with error Invalid Parameter - /Users [0m
[31m       Imagemagick: Command returned pid 21620 exit 4 with error Invalid Parameter - /Users [0m
[31m       Imagemagick: Command returned pid 24140 exit 4 with error Invalid Parameter - /Users [0m
[31m       Imagemagick: Command returned pid 33220 exit 4 with error Invalid Parameter - /Users [0m
[31m       Imagemagick: Command returned pid 28748 exit 4 with error Invalid Parameter - /Users [0m
[31m       Imagemagick: Command returned pid 25528 exit 4 with error Invalid Parameter - /Users [0m
[31m       Imagemagick: Command returned pid 6172 exit 4 with error Invalid Parameter - /Users [0m
[31m       Imagemagick: Command returned pid 6496 exit 4 with error Invalid Parameter - /Users [0m
[31m       Imagemagick: Command returned pid 25312 exit 4 with error Invalid Parameter - /Users [0m
[31m       Imagemagick: Command returned pid 19876 exit 4 with error Invalid Parameter - /Users [0m
[31m       Imagemagick: Command returned pid 31720 exit 4 with error Invalid Parameter - /Users [0m
[31m       Imagemagick: Command returned pid 29220 exit 4 with error Invalid Parameter - /Users [0m
[31m       Imagemagick: Command returned pid 7112 exit 4 with error Invalid Parameter - /Users [0m
[31m       Imagemagick: Command returned pid 29836 exit 4 with error Invalid Parameter - /Users [0m
[31m       Imagemagick: Command returned pid 13652 exit 4 with error Invalid Parameter - /Users [0m
[31m       Imagemagick: Command returned pid 27484 exit 4 with error Invalid Parameter - /Users [0m
[31m       Imagemagick: Command returned pid 4388 exit 4 with error Invalid Parameter - /Users [0m
[31m       Imagemagick: Command returned pid 25060 exit 4 with error Invalid Parameter - /Users [0m
[31m       Imagemagick: Command returned pid 27692 exit 4 with error Invalid Parameter - /Users [0m
[31m       Imagemagick: Command returned pid 32092 exit 4 with error Invalid Parameter - /Users [0m
[31m       Imagemagick: Command returned pid 32592 exit 4 with error Invalid Parameter - /Users [0m
[31m       Imagemagick: Command returned pid 19580 exit 4 with error Invalid Parameter - /Users [0m
[31m       Imagemagick: Command returned pid 21304 exit 4 with error Invalid Parameter - /Users [0m
[31m       Imagemagick: Command returned pid 11412 exit 4 with error Invalid Parameter - /Users [0m
[31m       Imagemagick: Command returned pid 9444 exit 4 with error Invalid Parameter - /Users [0m
[31m       Imagemagick: Command returned pid 7500 exit 4 with error Invalid Parameter - /Users [0m
[31m       Imagemagick: Command returned pid 7124 exit 4 with error Invalid Parameter - /Users [0m
[31m       Imagemagick: Command returned pid 33456 exit 4 with error Invalid Parameter - /Users [0m
[31m       Imagemagick: Command returned pid 16084 exit 4 with error Invalid Parameter - /Users [0m
[31m       Imagemagick: Command returned pid 36868 exit 4 with error Invalid Parameter - /Users [0m
[31m       Imagemagick: Command returned pid 31812 exit 4 with error Invalid Parameter - /Users [0m
[31m       Imagemagick: Command returned pid 32976 exit 4 with error Invalid Parameter - /Users [0m
[31m       Imagemagick: Command returned pid 25308 exit 4 with error Invalid Parameter - /Users [0m
[31m       Imagemagick: Command returned pid 25876 exit 4 with error Invalid Parameter - /Users [0m
[31m       Imagemagick: Command returned pid 28924 exit 4 with error Invalid Parameter - /Users [0m
[31m       Imagemagick: Command returned pid 18968 exit 4 with error Invalid Parameter - /Users [0m
[31m       Imagemagick: Command returned pid 35212 exit 4 with error Invalid Parameter - /Users [0m
[31m       Imagemagick: Command returned pid 19360 exit 4 with error Invalid Parameter - /Users [0m
[31m       Imagemagick: Command returned pid 36080 exit 4 with error Invalid Parameter - /Users [0m
[31m       Imagemagick: Command returned pid 37724 exit 4 with error Invalid Parameter - /Users [0m
[31m       Imagemagick: Command returned pid 12192 exit 4 with error Invalid Parameter - /Users [0m
[31m       Imagemagick: Command returned pid 7408 exit 4 with error Invalid Parameter - /Users [0m
[31m       Imagemagick: Command returned pid 16484 exit 4 with error Invalid Parameter - /Users [0m
[31m       Imagemagick: Command returned pid 24816 exit 4 with error Invalid Parameter - /Users [0m
[31m       Imagemagick: Command returned pid 24316 exit 4 with error Invalid Parameter - /Users [0m
[31m       Imagemagick: Command returned pid 6272 exit 4 with error Invalid Parameter - /Users [0m
[31m       Imagemagick: Command returned pid 33488 exit 4 with error Invalid Parameter - /Users [0m
[31m       Imagemagick: Command returned pid 31624 exit 4 with error Invalid Parameter - /Users [0m
[31m       Imagemagick: Command returned pid 7360 exit 4 with error Invalid Parameter - /Users [0m
[31m       Imagemagick: Command returned pid 33880 exit 4 with error Invalid Parameter - /Users [0m
[31m       Imagemagick: Command returned pid 34344 exit 4 with error Invalid Parameter - /Users [0m
[31m       Imagemagick: Command returned pid 14268 exit 4 with error Invalid Parameter - /Users [0m
[31m       Imagemagick: Command returned pid 36196 exit 4 with error Invalid Parameter - /Users [0m
[31m       Imagemagick: Command returned pid 23276 exit 4 with error Invalid Parameter - /Users [0m
[31m       Imagemagick: Command returned pid 10960 exit 4 with error Invalid Parameter - /Users [0m
[31m       Imagemagick: Command returned pid 9700 exit 4 with error Invalid Parameter - /Users [0m
[31m       Imagemagick: Command returned pid 15612 exit 4 with error Invalid Parameter - /Users [0m
[31m       Imagemagick: Command returned pid 33592 exit 4 with error Invalid Parameter - /Users [0m
[31m       Imagemagick: Command returned pid 29852 exit 4 with error Invalid Parameter - /Users [0m
[31m       Imagemagick: Command returned pid 35672 exit 4 with error Invalid Parameter - /Users [0m
[31m       Imagemagick: Command returned pid 21796 exit 4 with error Invalid Parameter - /Users [0m
[31m       Imagemagick: Command returned pid 10816 exit 4 with error Invalid Parameter - /Users [0m
[31m       Imagemagick: Command returned pid 248 exit 4 with error Invalid Parameter - /Users [0m
[31m       Imagemagick: Command returned pid 12520 exit 4 with error Invalid Parameter - /Users [0m
[31m       Imagemagick: Command returned pid 30476 exit 4 with error Invalid Parameter - /Users [0m
[31m       Imagemagick: Command returned pid 19568 exit 4 with error Invalid Parameter - /Users [0m
[31m       Imagemagick: Command returned pid 19780 exit 4 with error Invalid Parameter - /Users [0m
[31m       Imagemagick: Command returned pid 33092 exit 4 with error Invalid Parameter - /Users [0m
[31m       Imagemagick: Command returned pid 18260 exit 4 with error Invalid Parameter - /Users [0m
[31m       Imagemagick: Command returned pid 34704 exit 4 with error Invalid Parameter - /Users [0m
[31m       Imagemagick: Command returned pid 36932 exit 4 with error Invalid Parameter - /Users [0m
[NbConvertApp] Converting notebook C:/Users/aiden/AppData/Local/Temp/jekyll-jupyter-notebook20260422-30968-9r2bud.ipynb to html
Terser Exception: SyntaxError: Syntax error
Terser Exception: SyntaxError: Syntax error
Terser Exception: SyntaxError: Syntax error
Terser Exception: SyntaxError: Syntax error
Terser Exception: SyntaxError: Syntax error
Terser Exception: SyntaxError: Syntax error
Terser Exception: SyntaxError: Syntax error
Terser Exception: SyntaxError: Syntax error
Terser Exception: SyntaxError: Syntax error
Terser Exception: SyntaxError: Syntax error
Terser Exception: SyntaxError: Syntax error
Terser Exception: SyntaxError: Syntax error
Terser Exception: SyntaxError: Syntax error
Terser Exception: SyntaxError: Syntax error
Terser Exception: SyntaxError: Syntax error
Terser Exception: SyntaxError: Syntax error
Terser Exception: SyntaxError: Syntax error
Terser Exception: SyntaxError: Syntax error
Terser Exception: SyntaxError: Syntax error
Terser Exception: SyntaxError: Syntax error
Terser Exception: SyntaxError: Syntax error
Terser Exception: SyntaxError: Syntax error
Terser Exception: SyntaxError: Syntax error
Terser Exception: SyntaxError: Syntax error
Terser Exception: SyntaxError: Syntax error
Terser Exception: SyntaxError: Syntax error
Terser Exception: SyntaxError: Syntax error
Terser Exception: SyntaxError: Syntax error
Terser Exception: SyntaxError: Syntax error
Terser Exception: SyntaxError: Syntax error
[31m       Imagemagick: Command returned pid 9864 exit 4 with error Invalid Parameter - /Users [0m
[31m       Imagemagick: Command returned pid 23476 exit 4 with error Invalid Parameter - /Users [0m
[31m       Imagemagick: Command returned pid 12928 exit 4 with error Invalid Parameter - /Users [0m
[31m       Imagemagick: Command returned pid 36512 exit 4 with error Invalid Parameter - /Users [0m
[31m       Imagemagick: Command returned pid 32460 exit 4 with error Invalid Parameter - /Users [0m
[31m       Imagemagick: Command returned pid 23100 exit 4 with error Invalid Parameter - /Users [0m
[31m       Imagemagick: Command returned pid 13168 exit 4 with error Invalid Parameter - /Users [0m
[31m       Imagemagick: Command returned pid 23868 exit 4 with error Invalid Parameter - /Users [0m
[31m       Imagemagick: Command returned pid 29140 exit 4 with error Invalid Parameter - /Users [0m
[31m       Imagemagick: Command returned pid 27976 exit 4 with error Invalid Parameter - /Users [0m
[31m       Imagemagick: Command returned pid 880 exit 4 with error Invalid Parameter - /Users [0m
[31m       Imagemagick: Command returned pid 17264 exit 4 with error Invalid Parameter - /Users [0m
[31m       Imagemagick: Command returned pid 33368 exit 4 with error Invalid Parameter - /Users [0m
[31m       Imagemagick: Command returned pid 22424 exit 4 with error Invalid Parameter - /Users [0m
[31m       Imagemagick: Command returned pid 26236 exit 4 with error Invalid Parameter - /Users [0m
[31m       Imagemagick: Command returned pid 19112 exit 4 with error Invalid Parameter - /Users [0m
[31m       Imagemagick: Command returned pid 13132 exit 4 with error Invalid Parameter - /Users [0m
[31m       Imagemagick: Command returned pid 796 exit 4 with error Invalid Parameter - /Users [0m
[31m       Imagemagick: Command returned pid 23428 exit 4 with error Invalid Parameter - /Users [0m
[31m       Imagemagick: Command returned pid 21708 exit 4 with error Invalid Parameter - /Users [0m
[31m       Imagemagick: Command returned pid 2040 exit 4 with error Invalid Parameter - /Users [0m
[31m       Imagemagick: Command returned pid 21548 exit 4 with error Invalid Parameter - /Users [0m
[31m       Imagemagick: Command returned pid 7752 exit 4 with error Invalid Parameter - /Users [0m
[31m       Imagemagick: Command returned pid 37760 exit 4 with error Invalid Parameter - /Users [0m
[31m       Imagemagick: Command returned pid 28764 exit 4 with error Invalid Parameter - /Users [0m
[31m       Imagemagick: Command returned pid 36344 exit 4 with error Invalid Parameter - /Users [0m
[31m       Imagemagick: Command returned pid 1540 exit 4 with error Invalid Parameter - /Users [0m
[31m       Imagemagick: Command returned pid 10444 exit 4 with error Invalid Parameter - /Users [0m
[31m       Imagemagick: Command returned pid 2264 exit 4 with error Invalid Parameter - /Users [0m
[31m       Imagemagick: Command returned pid 5792 exit 4 with error Invalid Parameter - /Users [0m
[31m       Imagemagick: Command returned pid 16836 exit 4 with error Invalid Parameter - /Users [0m
[31m       Imagemagick: Command returned pid 11080 exit 4 with error Invalid Parameter - /Users [0m
[31m       Imagemagick: Command returned pid 11480 exit 4 with error Invalid Parameter - /Users [0m
[31m       Imagemagick: Command returned pid 11712 exit 4 with error Invalid Parameter - /Users [0m
[31m       Imagemagick: Command returned pid 30708 exit 4 with error Invalid Parameter - /Users [0m
[31m       Imagemagick: Command returned pid 30528 exit 4 with error Invalid Parameter - /Users [0m
[31m       Imagemagick: Command returned pid 27212 exit 4 with error Invalid Parameter - /Users [0m
[31m       Imagemagick: Command returned pid 5440 exit 4 with error Invalid Parameter - /Users [0m
[31m       Imagemagick: Command returned pid 13736 exit 4 with error Invalid Parameter - /Users [0m
[31m       Imagemagick: Command returned pid 35416 exit 4 with error Invalid Parameter - /Users [0m
[31m       Imagemagick: Command returned pid 24720 exit 4 with error Invalid Parameter - /Users [0m
[31m       Imagemagick: Command returned pid 23024 exit 4 with error Invalid Parameter - /Users [0m
[31m       Imagemagick: Command returned pid 28164 exit 4 with error Invalid Parameter - /Users [0m
[31m       Imagemagick: Command returned pid 35524 exit 4 with error Invalid Parameter - /Users [0m
[31m       Imagemagick: Command returned pid 34592 exit 4 with error Invalid Parameter - /Users [0m
[31m       Imagemagick: Command returned pid 20612 exit 4 with error Invalid Parameter - /Users [0m
[31m       Imagemagick: Command returned pid 20772 exit 4 with error Invalid Parameter - /Users [0m
[31m       Imagemagick: Command returned pid 19624 exit 4 with error Invalid Parameter - /Users [0m
[31m       Imagemagick: Command returned pid 21768 exit 4 with error Invalid Parameter - /Users [0m
[31m       Imagemagick: Command returned pid 2792 exit 4 with error Invalid Parameter - /Users [0m
[31m       Imagemagick: Command returned pid 12544 exit 4 with error Invalid Parameter - /Users [0m
[31m       Imagemagick: Command returned pid 22540 exit 4 with error Invalid Parameter - /Users [0m
[31m       Imagemagick: Command returned pid 18480 exit 4 with error Invalid Parameter - /Users [0m
[31m       Imagemagick: Command returned pid 36412 exit 4 with error Invalid Parameter - /Users [0m
[31m       Imagemagick: Command returned pid 18528 exit 4 with error Invalid Parameter - /Users [0m
[31m       Imagemagick: Command returned pid 25988 exit 4 with error Invalid Parameter - /Users [0m
[31m       Imagemagick: Command returned pid 22764 exit 4 with error Invalid Parameter - /Users [0m
[31m       Imagemagick: Command returned pid 24320 exit 4 with error Invalid Parameter - /Users [0m
[31m       Imagemagick: Command returned pid 29808 exit 4 with error Invalid Parameter - /Users [0m
[31m       Imagemagick: Command returned pid 30248 exit 4 with error Invalid Parameter - /Users [0m
[31m       Imagemagick: Command returned pid 12936 exit 4 with error Invalid Parameter - /Users [0m
[31m       Imagemagick: Command returned pid 20720 exit 4 with error Invalid Parameter - /Users [0m
[31m       Imagemagick: Command returned pid 24956 exit 4 with error Invalid Parameter - /Users [0m
[31m       Imagemagick: Command returned pid 18924 exit 4 with error Invalid Parameter - /Users [0m
[31m       Imagemagick: Command returned pid 3328 exit 4 with error Invalid Parameter - /Users [0m
[31m       Imagemagick: Command returned pid 33552 exit 4 with error Invalid Parameter - /Users [0m
[31m       Imagemagick: Command returned pid 25364 exit 4 with error Invalid Parameter - /Users [0m
[31m       Imagemagick: Command returned pid 24776 exit 4 with error Invalid Parameter - /Users [0m
[31m       Imagemagick: Command returned pid 25572 exit 4 with error Invalid Parameter - /Users [0m
[31m       Imagemagick: Command returned pid 34460 exit 4 with error Invalid Parameter - /Users [0m
[31m       Imagemagick: Command returned pid 11744 exit 4 with error Invalid Parameter - /Users [0m
[31m       Imagemagick: Command returned pid 10544 exit 4 with error Invalid Parameter - /Users [0m
[31m       Imagemagick: Command returned pid 23200 exit 4 with error Invalid Parameter - /Users [0m
[31m       Imagemagick: Command returned pid 4460 exit 4 with error Invalid Parameter - /Users [0m
[31m       Imagemagick: Command returned pid 28036 exit 4 with error Invalid Parameter - /Users [0m
[31m       Imagemagick: Command returned pid 37284 exit 4 with error Invalid Parameter - /Users [0m
[31m       Imagemagick: Command returned pid 33980 exit 4 with error Invalid Parameter - /Users [0m
[31m       Imagemagick: Command returned pid 17876 exit 4 with error Invalid Parameter - /Users [0m
[NbConvertApp] Converting notebook C:/Users/aiden/AppData/Local/Temp/jekyll-jupyter-notebook20260422-30968-x6b80p.ipynb to html
Terser Exception: SyntaxError: Syntax error
Terser Exception: SyntaxError: Syntax error
Terser Exception: SyntaxError: Syntax error
Terser Exception: SyntaxError: Syntax error
Terser Exception: SyntaxError: Syntax error
Terser Exception: SyntaxError: Syntax error
Terser Exception: SyntaxError: Syntax error
Terser Exception: SyntaxError: Syntax error
Terser Exception: SyntaxError: Syntax error
Terser Exception: SyntaxError: Syntax error
Terser Exception: SyntaxError: Syntax error
Terser Exception: SyntaxError: Syntax error
Terser Exception: SyntaxError: Syntax error
Terser Exception: SyntaxError: Syntax error
Terser Exception: SyntaxError: Syntax error
Terser Exception: SyntaxError: Syntax error
Terser Exception: SyntaxError: Syntax error
Terser Exception: SyntaxError: Syntax error
Terser Exception: SyntaxError: Syntax error
Terser Exception: SyntaxError: Syntax error
Terser Exception: SyntaxError: Syntax error
Terser Exception: SyntaxError: Syntax error
Terser Exception: SyntaxError: Syntax error
Terser Exception: SyntaxError: Syntax error
Terser Exception: SyntaxError: Syntax error
Terser Exception: SyntaxError: Syntax error
Terser Exception: SyntaxError: Syntax error
Terser Exception: SyntaxError: Syntax error
Terser Exception: SyntaxError: Syntax error
Terser Exception: SyntaxError: Syntax error
[31m       Imagemagick: Command returned pid 13352 exit 4 with error Invalid Parameter - /Users [0m
[31m       Imagemagick: Command returned pid 14780 exit 4 with error Invalid Parameter - /Users [0m
[31m       Imagemagick: Command returned pid 11776 exit 4 with error Invalid Parameter - /Users [0m
[31m       Imagemagick: Command returned pid 21292 exit 4 with error Invalid Parameter - /Users [0m
[31m       Imagemagick: Command returned pid 36056 exit 4 with error Invalid Parameter - /Users [0m
[31m       Imagemagick: Command returned pid 32088 exit 4 with error Invalid Parameter - /Users [0m
[31m       Imagemagick: Command returned pid 36908 exit 4 with error Invalid Parameter - /Users [0m
[31m       Imagemagick: Command returned pid 1208 exit 4 with error Invalid Parameter - /Users [0m
[31m       Imagemagick: Command returned pid 13044 exit 4 with error Invalid Parameter - /Users [0m
[31m       Imagemagick: Command returned pid 3288 exit 4 with error Invalid Parameter - /Users [0m
[31m       Imagemagick: Command returned pid 3300 exit 4 with error Invalid Parameter - /Users [0m
[31m       Imagemagick: Command returned pid 4164 exit 4 with error Invalid Parameter - /Users [0m
[31m       Imagemagick: Command returned pid 18840 exit 4 with error Invalid Parameter - /Users [0m
[31m       Imagemagick: Command returned pid 21716 exit 4 with error Invalid Parameter - /Users [0m
[31m       Imagemagick: Command returned pid 20056 exit 4 with error Invalid Parameter - /Users [0m
[31m       Imagemagick: Command returned pid 11492 exit 4 with error Invalid Parameter - /Users [0m
[31m       Imagemagick: Command returned pid 26580 exit 4 with error Invalid Parameter - /Users [0m
[31m       Imagemagick: Command returned pid 15488 exit 4 with error Invalid Parameter - /Users [0m
[31m       Imagemagick: Command returned pid 36192 exit 4 with error Invalid Parameter - /Users [0m
[31m       Imagemagick: Command returned pid 9300 exit 4 with error Invalid Parameter - /Users [0m
[31m       Imagemagick: Command returned pid 26360 exit 4 with error Invalid Parameter - /Users [0m
[31m       Imagemagick: Command returned pid 36568 exit 4 with error Invalid Parameter - /Users [0m
[31m       Imagemagick: Command returned pid 20828 exit 4 with error Invalid Parameter - /Users [0m
[31m       Imagemagick: Command returned pid 37864 exit 4 with error Invalid Parameter - /Users [0m
[31m       Imagemagick: Command returned pid 30524 exit 4 with error Invalid Parameter - /Users [0m
[31m       Imagemagick: Command returned pid 2492 exit 4 with error Invalid Parameter - /Users [0m
[31m       Imagemagick: Command returned pid 16612 exit 4 with error Invalid Parameter - /Users [0m
[31m       Imagemagick: Command returned pid 6276 exit 4 with error Invalid Parameter - /Users [0m
[31m       Imagemagick: Command returned pid 35388 exit 4 with error Invalid Parameter - /Users [0m
[31m       Imagemagick: Command returned pid 6748 exit 4 with error Invalid Parameter - /Users [0m
[31m       Imagemagick: Command returned pid 10340 exit 4 with error Invalid Parameter - /Users [0m
[31m       Imagemagick: Command returned pid 884 exit 4 with error Invalid Parameter - /Users [0m
[31m       Imagemagick: Command returned pid 6376 exit 4 with error Invalid Parameter - /Users [0m
[31m       Imagemagick: Command returned pid 31292 exit 4 with error Invalid Parameter - /Users [0m
[31m       Imagemagick: Command returned pid 8004 exit 4 with error Invalid Parameter - /Users [0m
[31m       Imagemagick: Command returned pid 15560 exit 4 with error Invalid Parameter - /Users [0m
[31m       Imagemagick: Command returned pid 13644 exit 4 with error Invalid Parameter - /Users [0m
[31m       Imagemagick: Command returned pid 25268 exit 4 with error Invalid Parameter - /Users [0m
[31m       Imagemagick: Command returned pid 37204 exit 4 with error Invalid Parameter - /Users [0m
[31m       Imagemagick: Command returned pid 13984 exit 4 with error Invalid Parameter - /Users [0m
[31m       Imagemagick: Command returned pid 13280 exit 4 with error Invalid Parameter - /Users [0m
[31m       Imagemagick: Command returned pid 24724 exit 4 with error Invalid Parameter - /Users [0m
[31m       Imagemagick: Command returned pid 23776 exit 4 with error Invalid Parameter - /Users [0m
[31m       Imagemagick: Command returned pid 9392 exit 4 with error Invalid Parameter - /Users [0m
[31m       Imagemagick: Command returned pid 21340 exit 4 with error Invalid Parameter - /Users [0m
[31m       Imagemagick: Command returned pid 10656 exit 4 with error Invalid Parameter - /Users [0m
[31m       Imagemagick: Command returned pid 13120 exit 4 with error Invalid Parameter - /Users [0m
[31m       Imagemagick: Command returned pid 31584 exit 4 with error Invalid Parameter - /Users [0m
[31m       Imagemagick: Command returned pid 28792 exit 4 with error Invalid Parameter - /Users [0m
[31m       Imagemagick: Command returned pid 13432 exit 4 with error Invalid Parameter - /Users [0m
[31m       Imagemagick: Command returned pid 22944 exit 4 with error Invalid Parameter - /Users [0m
[31m       Imagemagick: Command returned pid 35512 exit 4 with error Invalid Parameter - /Users [0m
[31m       Imagemagick: Command returned pid 28596 exit 4 with error Invalid Parameter - /Users [0m
[31m       Imagemagick: Command returned pid 8204 exit 4 with error Invalid Parameter - /Users [0m
[31m       Imagemagick: Command returned pid 13520 exit 4 with error Invalid Parameter - /Users [0m
[31m       Imagemagick: Command returned pid 27088 exit 4 with error Invalid Parameter - /Users [0m
[31m       Imagemagick: Command returned pid 16636 exit 4 with error Invalid Parameter - /Users [0m
[31m       Imagemagick: Command returned pid 35756 exit 4 with error Invalid Parameter - /Users [0m
[31m       Imagemagick: Command returned pid 23940 exit 4 with error Invalid Parameter - /Users [0m
[31m       Imagemagick: Command returned pid 23184 exit 4 with error Invalid Parameter - /Users [0m
[31m       Imagemagick: Command returned pid 20068 exit 4 with error Invalid Parameter - /Users [0m
[31m       Imagemagick: Command returned pid 32044 exit 4 with error Invalid Parameter - /Users [0m
[31m       Imagemagick: Command returned pid 14964 exit 4 with error Invalid Parameter - /Users [0m
[31m       Imagemagick: Command returned pid 31628 exit 4 with error Invalid Parameter - /Users [0m
[31m       Imagemagick: Command returned pid 35984 exit 4 with error Invalid Parameter - /Users [0m
[31m       Imagemagick: Command returned pid 20376 exit 4 with error Invalid Parameter - /Users [0m
[31m       Imagemagick: Command returned pid 9432 exit 4 with error Invalid Parameter - /Users [0m
[31m       Imagemagick: Command returned pid 14060 exit 4 with error Invalid Parameter - /Users [0m
[31m       Imagemagick: Command returned pid 10944 exit 4 with error Invalid Parameter - /Users [0m
[31m       Imagemagick: Command returned pid 17752 exit 4 with error Invalid Parameter - /Users [0m
[31m       Imagemagick: Command returned pid 37560 exit 4 with error Invalid Parameter - /Users [0m
[31m       Imagemagick: Command returned pid 7920 exit 4 with error Invalid Parameter - /Users [0m
[31m       Imagemagick: Command returned pid 28312 exit 4 with error Invalid Parameter - /Users [0m
[31m       Imagemagick: Command returned pid 19016 exit 4 with error Invalid Parameter - /Users [0m
[31m       Imagemagick: Command returned pid 33260 exit 4 with error Invalid Parameter - /Users [0m
[31m       Imagemagick: Command returned pid 31764 exit 4 with error Invalid Parameter - /Users [0m
[31m       Imagemagick: Command returned pid 7364 exit 4 with error Invalid Parameter - /Users [0m
[31m       Imagemagick: Command returned pid 5960 exit 4 with error Invalid Parameter - /Users [0m
[NbConvertApp] Converting notebook C:/Users/aiden/AppData/Local/Temp/jekyll-jupyter-notebook20260422-30968-1p1anu.ipynb to html
Terser Exception: SyntaxError: Syntax error
Terser Exception: SyntaxError: Syntax error
Terser Exception: SyntaxError: Syntax error
Terser Exception: SyntaxError: Syntax error
Terser Exception: SyntaxError: Syntax error
Terser Exception: SyntaxError: Syntax error
Terser Exception: SyntaxError: Syntax error
Terser Exception: SyntaxError: Syntax error
Terser Exception: SyntaxError: Syntax error
Terser Exception: SyntaxError: Syntax error
Terser Exception: SyntaxError: Syntax error
Terser Exception: SyntaxError: Syntax error
Terser Exception: SyntaxError: Syntax error
Terser Exception: SyntaxError: Syntax error
Terser Exception: SyntaxError: Syntax error
Terser Exception: SyntaxError: Syntax error
Terser Exception: SyntaxError: Syntax error
Terser Exception: SyntaxError: Syntax error
Terser Exception: SyntaxError: Syntax error
Terser Exception: SyntaxError: Syntax error
Terser Exception: SyntaxError: Syntax error
Terser Exception: SyntaxError: Syntax error
Terser Exception: SyntaxError: Syntax error
Terser Exception: SyntaxError: Syntax error
Terser Exception: SyntaxError: Syntax error
Terser Exception: SyntaxError: Syntax error
Terser Exception: SyntaxError: Syntax error
Terser Exception: SyntaxError: Syntax error
Terser Exception: SyntaxError: Syntax error
Terser Exception: SyntaxError: Syntax error
[31m       Imagemagick: Command returned pid 21380 exit 4 with error Invalid Parameter - /Users [0m
[31m       Imagemagick: Command returned pid 33904 exit 4 with error Invalid Parameter - /Users [0m
[31m       Imagemagick: Command returned pid 25312 exit 4 with error Invalid Parameter - /Users [0m
[31m       Imagemagick: Command returned pid 5840 exit 4 with error Invalid Parameter - /Users [0m
[31m       Imagemagick: Command returned pid 26736 exit 4 with error Invalid Parameter - /Users [0m
[31m       Imagemagick: Command returned pid 29220 exit 4 with error Invalid Parameter - /Users [0m
[31m       Imagemagick: Command returned pid 27484 exit 4 with error Invalid Parameter - /Users [0m
[31m       Imagemagick: Command returned pid 18052 exit 4 with error Invalid Parameter - /Users [0m
[31m       Imagemagick: Command returned pid 11508 exit 4 with error Invalid Parameter - /Users [0m
[31m       Imagemagick: Command returned pid 16348 exit 4 with error Invalid Parameter - /Users [0m
[31m       Imagemagick: Command returned pid 24916 exit 4 with error Invalid Parameter - /Users [0m
[31m       Imagemagick: Command returned pid 22464 exit 4 with error Invalid Parameter - /Users [0m
[31m       Imagemagick: Command returned pid 4388 exit 4 with error Invalid Parameter - /Users [0m
[31m       Imagemagick: Command returned pid 6228 exit 4 with error Invalid Parameter - /Users [0m
[31m       Imagemagick: Command returned pid 11596 exit 4 with error Invalid Parameter - /Users [0m
[31m       Imagemagick: Command returned pid 26628 exit 4 with error Invalid Parameter - /Users [0m
[31m       Imagemagick: Command returned pid 23492 exit 4 with error Invalid Parameter - /Users [0m
[31m       Imagemagick: Command returned pid 31560 exit 4 with error Invalid Parameter - /Users [0m
[31m       Imagemagick: Command returned pid 18592 exit 4 with error Invalid Parameter - /Users [0m
[31m       Imagemagick: Command returned pid 33456 exit 4 with error Invalid Parameter - /Users [0m
[31m       Imagemagick: Command returned pid 16416 exit 4 with error Invalid Parameter - /Users [0m
[31m       Imagemagick: Command returned pid 1308 exit 4 with error Invalid Parameter - /Users [0m
[31m       Imagemagick: Command returned pid 8272 exit 4 with error Invalid Parameter - /Users [0m
[31m       Imagemagick: Command returned pid 24960 exit 4 with error Invalid Parameter - /Users [0m
[31m       Imagemagick: Command returned pid 27828 exit 4 with error Invalid Parameter - /Users [0m
[31m       Imagemagick: Command returned pid 21128 exit 4 with error Invalid Parameter - /Users [0m
[31m       Imagemagick: Command returned pid 29176 exit 4 with error Invalid Parameter - /Users [0m
[31m       Imagemagick: Command returned pid 28924 exit 4 with error Invalid Parameter - /Users [0m
[31m       Imagemagick: Command returned pid 26472 exit 4 with error Invalid Parameter - /Users [0m
[31m       Imagemagick: Command returned pid 21628 exit 4 with error Invalid Parameter - /Users [0m
[31m       Imagemagick: Command returned pid 36420 exit 4 with error Invalid Parameter - /Users [0m
[31m       Imagemagick: Command returned pid 33100 exit 4 with error Invalid Parameter - /Users [0m
[31m       Imagemagick: Command returned pid 26776 exit 4 with error Invalid Parameter - /Users [0m
[31m       Imagemagick: Command returned pid 20156 exit 4 with error Invalid Parameter - /Users [0m
[31m       Imagemagick: Command returned pid 876 exit 4 with error Invalid Parameter - /Users [0m
[31m       Imagemagick: Command returned pid 27340 exit 4 with error Invalid Parameter - /Users [0m
[31m       Imagemagick: Command returned pid 26136 exit 4 with error Invalid Parameter - /Users [0m
[31m       Imagemagick: Command returned pid 34832 exit 4 with error Invalid Parameter - /Users [0m
[31m       Imagemagick: Command returned pid 7964 exit 4 with error Invalid Parameter - /Users [0m
[31m       Imagemagick: Command returned pid 17380 exit 4 with error Invalid Parameter - /Users [0m
[31m       Imagemagick: Command returned pid 16188 exit 4 with error Invalid Parameter - /Users [0m
[31m       Imagemagick: Command returned pid 7608 exit 4 with error Invalid Parameter - /Users [0m
[31m       Imagemagick: Command returned pid 35736 exit 4 with error Invalid Parameter - /Users [0m
[31m       Imagemagick: Command returned pid 28632 exit 4 with error Invalid Parameter - /Users [0m
[31m       Imagemagick: Command returned pid 31624 exit 4 with error Invalid Parameter - /Users [0m
[31m       Imagemagick: Command returned pid 33488 exit 4 with error Invalid Parameter - /Users [0m
[31m       Imagemagick: Command returned pid 12648 exit 4 with error Invalid Parameter - /Users [0m
[31m       Imagemagick: Command returned pid 9680 exit 4 with error Invalid Parameter - /Users [0m
[31m       Imagemagick: Command returned pid 33880 exit 4 with error Invalid Parameter - /Users [0m
[31m       Imagemagick: Command returned pid 7192 exit 4 with error Invalid Parameter - /Users [0m
[31m       Imagemagick: Command returned pid 32300 exit 4 with error Invalid Parameter - /Users [0m
[31m       Imagemagick: Command returned pid 23116 exit 4 with error Invalid Parameter - /Users [0m
[31m       Imagemagick: Command returned pid 37260 exit 4 with error Invalid Parameter - /Users [0m
[31m       Imagemagick: Command returned pid 36156 exit 4 with error Invalid Parameter - /Users [0m
[31m       Imagemagick: Command returned pid 31204 exit 4 with error Invalid Parameter - /Users [0m
[31m       Imagemagick: Command returned pid 17016 exit 4 with error Invalid Parameter - /Users [0m
[31m       Imagemagick: Command returned pid 11932 exit 4 with error Invalid Parameter - /Users [0m
[31m       Imagemagick: Command returned pid 21652 exit 4 with error Invalid Parameter - /Users [0m
[31m       Imagemagick: Command returned pid 15084 exit 4 with error Invalid Parameter - /Users [0m
[31m       Imagemagick: Command returned pid 10816 exit 4 with error Invalid Parameter - /Users [0m
[31m       Imagemagick: Command returned pid 19568 exit 4 with error Invalid Parameter - /Users [0m
[31m       Imagemagick: Command returned pid 29820 exit 4 with error Invalid Parameter - /Users [0m
[31m       Imagemagick: Command returned pid 5416 exit 4 with error Invalid Parameter - /Users [0m
[31m       Imagemagick: Command returned pid 11040 exit 4 with error Invalid Parameter - /Users [0m
[31m       Imagemagick: Command returned pid 19764 exit 4 with error Invalid Parameter - /Users [0m
[31m       Imagemagick: Command returned pid 27328 exit 4 with error Invalid Parameter - /Users [0m
[31m       Imagemagick: Command returned pid 5348 exit 4 with error Invalid Parameter - /Users [0m
[31m       Imagemagick: Command returned pid 32772 exit 4 with error Invalid Parameter - /Users [0m
[31m       Imagemagick: Command returned pid 34704 exit 4 with error Invalid Parameter - /Users [0m
[31m       Imagemagick: Command returned pid 19820 exit 4 with error Invalid Parameter - /Users [0m
[31m       Imagemagick: Command returned pid 35464 exit 4 with error Invalid Parameter - /Users [0m
[31m       Imagemagick: Command returned pid 23304 exit 4 with error Invalid Parameter - /Users [0m
[31m       Imagemagick: Command returned pid 28600 exit 4 with error Invalid Parameter - /Users [0m
[31m       Imagemagick: Command returned pid 36448 exit 4 with error Invalid Parameter - /Users [0m
[31m       Imagemagick: Command returned pid 26900 exit 4 with error Invalid Parameter - /Users [0m
[31m       Imagemagick: Command returned pid 37464 exit 4 with error Invalid Parameter - /Users [0m
[31m       Imagemagick: Command returned pid 20752 exit 4 with error Invalid Parameter - /Users [0m
[31m       Imagemagick: Command returned pid 13196 exit 4 with error Invalid Parameter - /Users [0m
[NbConvertApp] Converting notebook C:/Users/aiden/AppData/Local/Temp/jekyll-jupyter-notebook20260422-30968-pxyj28.ipynb to html
Terser Exception: SyntaxError: Syntax error
Terser Exception: SyntaxError: Syntax error
Terser Exception: SyntaxError: Syntax error
Terser Exception: SyntaxError: Syntax error
Terser Exception: SyntaxError: Syntax error
Terser Exception: SyntaxError: Syntax error
Terser Exception: SyntaxError: Syntax error
Terser Exception: SyntaxError: Syntax error
Terser Exception: SyntaxError: Syntax error
Terser Exception: SyntaxError: Syntax error
Terser Exception: SyntaxError: Syntax error
Terser Exception: SyntaxError: Syntax error
Terser Exception: SyntaxError: Syntax error
Terser Exception: SyntaxError: Syntax error
Terser Exception: SyntaxError: Syntax error
Terser Exception: SyntaxError: Syntax error
Terser Exception: SyntaxError: Syntax error
Terser Exception: SyntaxError: Syntax error
Terser Exception: SyntaxError: Syntax error
Terser Exception: SyntaxError: Syntax error
Terser Exception: SyntaxError: Syntax error
Terser Exception: SyntaxError: Syntax error
Terser Exception: SyntaxError: Syntax error
Terser Exception: SyntaxError: Syntax error
Terser Exception: SyntaxError: Syntax error
Terser Exception: SyntaxError: Syntax error
Terser Exception: SyntaxError: Syntax error
Terser Exception: SyntaxError: Syntax error
Terser Exception: SyntaxError: Syntax error
Terser Exception: SyntaxError: Syntax error
[31m       Imagemagick: Command returned pid 10280 exit 4 with error Invalid Parameter - /Users [0m
[31m       Imagemagick: Command returned pid 31968 exit 4 with error Invalid Parameter - /Users [0m
[31m       Imagemagick: Command returned pid 30924 exit 4 with error Invalid Parameter - /Users [0m
[31m       Imagemagick: Command returned pid 23372 exit 4 with error Invalid Parameter - /Users [0m
[31m       Imagemagick: Command returned pid 29624 exit 4 with error Invalid Parameter - /Users [0m
[31m       Imagemagick: Command returned pid 24464 exit 4 with error Invalid Parameter - /Users [0m
[31m       Imagemagick: Command returned pid 7516 exit 4 with error Invalid Parameter - /Users [0m
[31m       Imagemagick: Command returned pid 34792 exit 4 with error Invalid Parameter - /Users [0m
[31m       Imagemagick: Command returned pid 3036 exit 4 with error Invalid Parameter - /Users [0m
[31m       Imagemagick: Command returned pid 31912 exit 4 with error Invalid Parameter - /Users [0m
[31m       Imagemagick: Command returned pid 28012 exit 4 with error Invalid Parameter - /Users [0m
[31m       Imagemagick: Command returned pid 19612 exit 4 with error Invalid Parameter - /Users [0m
[31m       Imagemagick: Command returned pid 23580 exit 4 with error Invalid Parameter - /Users [0m
[31m       Imagemagick: Command returned pid 9476 exit 4 with error Invalid Parameter - /Users [0m
[31m       Imagemagick: Command returned pid 7376 exit 4 with error Invalid Parameter - /Users [0m
[31m       Imagemagick: Command returned pid 28128 exit 4 with error Invalid Parameter - /Users [0m
[31m       Imagemagick: Command returned pid 4884 exit 4 with error Invalid Parameter - /Users [0m
[31m       Imagemagick: Command returned pid 22748 exit 4 with error Invalid Parameter - /Users [0m
[31m       Imagemagick: Command returned pid 5656 exit 4 with error Invalid Parameter - /Users [0m
[31m       Imagemagick: Command returned pid 12052 exit 4 with error Invalid Parameter - /Users [0m
[31m       Imagemagick: Command returned pid 22516 exit 4 with error Invalid Parameter - /Users [0m
[31m       Imagemagick: Command returned pid 30796 exit 4 with error Invalid Parameter - /Users [0m
[31m       Imagemagick: Command returned pid 26264 exit 4 with error Invalid Parameter - /Users [0m
[31m       Imagemagick: Command returned pid 19092 exit 4 with error Invalid Parameter - /Users [0m
[31m       Imagemagick: Command returned pid 15392 exit 4 with error Invalid Parameter - /Users [0m
[31m       Imagemagick: Command returned pid 2264 exit 4 with error Invalid Parameter - /Users [0m
[31m       Imagemagick: Command returned pid 796 exit 4 with error Invalid Parameter - /Users [0m
[31m       Imagemagick: Command returned pid 4824 exit 4 with error Invalid Parameter - /Users [0m
[31m       Imagemagick: Command returned pid 5916 exit 4 with error Invalid Parameter - /Users [0m
[31m       Imagemagick: Command returned pid 36872 exit 4 with error Invalid Parameter - /Users [0m
[31m       Imagemagick: Command returned pid 32068 exit 4 with error Invalid Parameter - /Users [0m
[31m       Imagemagick: Command returned pid 32928 exit 4 with error Invalid Parameter - /Users [0m
[31m       Imagemagick: Command returned pid 16240 exit 4 with error Invalid Parameter - /Users [0m
[31m       Imagemagick: Command returned pid 34124 exit 4 with error Invalid Parameter - /Users [0m
[31m       Imagemagick: Command returned pid 36724 exit 4 with error Invalid Parameter - /Users [0m
[31m       Imagemagick: Command returned pid 5528 exit 4 with error Invalid Parameter - /Users [0m
[31m       Imagemagick: Command returned pid 37468 exit 4 with error Invalid Parameter - /Users [0m
[31m       Imagemagick: Command returned pid 31100 exit 4 with error Invalid Parameter - /Users [0m
[31m       Imagemagick: Command returned pid 4928 exit 4 with error Invalid Parameter - /Users [0m
[31m       Imagemagick: Command returned pid 4640 exit 4 with error Invalid Parameter - /Users [0m
[31m       Imagemagick: Command returned pid 21000 exit 4 with error Invalid Parameter - /Users [0m
[31m       Imagemagick: Command returned pid 9452 exit 4 with error Invalid Parameter - /Users [0m
[31m       Imagemagick: Command returned pid 23248 exit 4 with error Invalid Parameter - /Users [0m
[31m       Imagemagick: Command returned pid 21172 exit 4 with error Invalid Parameter - /Users [0m
[31m       Imagemagick: Command returned pid 13008 exit 4 with error Invalid Parameter - /Users [0m
[31m       Imagemagick: Command returned pid 18528 exit 4 with error Invalid Parameter - /Users [0m
[31m       Imagemagick: Command returned pid 20692 exit 4 with error Invalid Parameter - /Users [0m
[31m       Imagemagick: Command returned pid 20628 exit 4 with error Invalid Parameter - /Users [0m
[31m       Imagemagick: Command returned pid 37148 exit 4 with error Invalid Parameter - /Users [0m
[31m       Imagemagick: Command returned pid 12936 exit 4 with error Invalid Parameter - /Users [0m
[31m       Imagemagick: Command returned pid 17044 exit 4 with error Invalid Parameter - /Users [0m
[31m       Imagemagick: Command returned pid 29076 exit 4 with error Invalid Parameter - /Users [0m
[31m       Imagemagick: Command returned pid 20732 exit 4 with error Invalid Parameter - /Users [0m
[31m       Imagemagick: Command returned pid 13988 exit 4 with error Invalid Parameter - /Users [0m
[31m       Imagemagick: Command returned pid 24956 exit 4 with error Invalid Parameter - /Users [0m
[31m       Imagemagick: Command returned pid 25924 exit 4 with error Invalid Parameter - /Users [0m
[31m       Imagemagick: Command returned pid 34736 exit 4 with error Invalid Parameter - /Users [0m
[31m       Imagemagick: Command returned pid 3260 exit 4 with error Invalid Parameter - /Users [0m
[31m       Imagemagick: Command returned pid 16868 exit 4 with error Invalid Parameter - /Users [0m
[31m       Imagemagick: Command returned pid 10664 exit 4 with error Invalid Parameter - /Users [0m
[31m       Imagemagick: Command returned pid 12016 exit 4 with error Invalid Parameter - /Users [0m
[31m       Imagemagick: Command returned pid 24776 exit 4 with error Invalid Parameter - /Users [0m
[31m       Imagemagick: Command returned pid 34672 exit 4 with error Invalid Parameter - /Users [0m
[31m       Imagemagick: Command returned pid 35288 exit 4 with error Invalid Parameter - /Users [0m
[31m       Imagemagick: Command returned pid 26396 exit 4 with error Invalid Parameter - /Users [0m
[31m       Imagemagick: Command returned pid 36120 exit 4 with error Invalid Parameter - /Users [0m
[31m       Imagemagick: Command returned pid 36852 exit 4 with error Invalid Parameter - /Users [0m
[31m       Imagemagick: Command returned pid 8028 exit 4 with error Invalid Parameter - /Users [0m
[31m       Imagemagick: Command returned pid 25656 exit 4 with error Invalid Parameter - /Users [0m
[31m       Imagemagick: Command returned pid 34956 exit 4 with error Invalid Parameter - /Users [0m
[31m       Imagemagick: Command returned pid 5716 exit 4 with error Invalid Parameter - /Users [0m
[31m       Imagemagick: Command returned pid 26276 exit 4 with error Invalid Parameter - /Users [0m
[31m       Imagemagick: Command returned pid 37668 exit 4 with error Invalid Parameter - /Users [0m
[31m       Imagemagick: Command returned pid 19784 exit 4 with error Invalid Parameter - /Users [0m
[31m       Imagemagick: Command returned pid 23996 exit 4 with error Invalid Parameter - /Users [0m
[31m       Imagemagick: Command returned pid 2592 exit 4 with error Invalid Parameter - /Users [0m
[31m       Imagemagick: Command returned pid 14328 exit 4 with error Invalid Parameter - /Users [0m
[31m       Imagemagick: Command returned pid 29156 exit 4 with error Invalid Parameter - /Users [0m
[NbConvertApp] Converting notebook C:/Users/aiden/AppData/Local/Temp/jekyll-jupyter-notebook20260422-30968-7btg71.ipynb to html
Traceback (most recent call last):
  File "C:\Users\aiden\anaconda3\Scripts\jupyter-nbconvert-script.py", line 10, in <module>
    sys.exit(main())
             ~~~~^^
  File "C:\Users\aiden\anaconda3\Lib\site-packages\jupyter_core\application.py", line 284, in launch_instance
    super().launch_instance(argv=argv, **kwargs)
    ~~~~~~~~~~~~~~~~~~~~~~~^^^^^^^^^^^^^^^^^^^^^
  File "C:\Users\aiden\anaconda3\Lib\site-packages\traitlets\config\application.py", line 1075, in launch_instance
    app.start()
    ~~~~~~~~~^^
  File "C:\Users\aiden\anaconda3\Lib\site-packages\nbconvert\nbconvertapp.py", line 420, in start
    self.convert_notebooks()
    ~~~~~~~~~~~~~~~~~~~~~~^^
  File "C:\Users\aiden\anaconda3\Lib\site-packages\nbconvert\nbconvertapp.py", line 597, in convert_notebooks
    self.convert_single_notebook(notebook_filename)
    ~~~~~~~~~~~~~~~~~~~~~~~~~~~~^^^^^^^^^^^^^^^^^^^
  File "C:\Users\aiden\anaconda3\Lib\site-packages\nbconvert\nbconvertapp.py", line 566, in convert_single_notebook
    write_results = self.write_single_notebook(output, resources)
  File "C:\Users\aiden\anaconda3\Lib\site-packages\nbconvert\nbconvertapp.py", line 526, in write_single_notebook
    return self.writer.write(output, resources, notebook_name=notebook_name)
           ~~~~~~~~~~~~~~~~~^^^^^^^^^^^^^^^^^^^^^^^^^^^^^^^^^^^^^^^^^^^^^^^^
  File "C:\Users\aiden\anaconda3\Lib\site-packages\nbconvert\writers\stdout.py", line 24, in write
    stream.write(output)
    ~~~~~~~~~~~~^^^^^^^^
  File "<frozen codecs>", line 381, in write
OSError: [Errno 22] Invalid argument
