Configuration file: C:/Users/aiden/Desktop/Personal_website/personal_website/_config.yml
            Source: C:/Users/aiden/Desktop/Personal_website/personal_website
       Destination: C:/Users/aiden/Desktop/Personal_website/personal_website/_site
 Incremental build: disabled. Enable with --incremental
      Generating... 
Terser: Minifying C:/Users/aiden/Desktop/Personal_website/personal_website/assets/js/bibsearch.js
Terser: Minifying C:/Users/aiden/Desktop/Personal_website/personal_website/assets/js/calendar-setup.js
Terser: Minifying C:/Users/aiden/Desktop/Personal_website/personal_website/assets/js/chartjs-setup.js
Terser: Minifying C:/Users/aiden/Desktop/Personal_website/personal_website/assets/js/common.js
Terser: Minifying C:/Users/aiden/Desktop/Personal_website/personal_website/assets/js/copy_code.js
Terser: Minifying C:/Users/aiden/Desktop/Personal_website/personal_website/assets/js/diff2html-setup.js
Terser: Minifying C:/Users/aiden/Desktop/Personal_website/personal_website/assets/js/distillpub/overrides.js
Terser: Minifying C:/Users/aiden/Desktop/Personal_website/personal_website/assets/js/distillpub/template.v2.js
Terser: Minifying C:/Users/aiden/Desktop/Personal_website/personal_website/assets/js/distillpub/transforms.v2.js
Terser: Minifying C:/Users/aiden/Desktop/Personal_website/personal_website/assets/js/echarts-setup.js
Terser: Minifying C:/Users/aiden/Desktop/Personal_website/personal_website/assets/js/highlight-search-term.js
Terser: Minifying C:/Users/aiden/Desktop/Personal_website/personal_website/assets/js/jupyter_new_tab.js
Terser: Minifying C:/Users/aiden/Desktop/Personal_website/personal_website/assets/js/leaflet-setup.js
Terser: Minifying C:/Users/aiden/Desktop/Personal_website/personal_website/assets/js/masonry.js
Terser: Minifying C:/Users/aiden/Desktop/Personal_website/personal_website/assets/js/mathjax-setup.js
Terser: Minifying C:/Users/aiden/Desktop/Personal_website/personal_website/assets/js/mermaid-setup.js
Terser: Minifying C:/Users/aiden/Desktop/Personal_website/personal_website/assets/js/newsletter.js
Terser: Minifying C:/Users/aiden/Desktop/Personal_website/personal_website/assets/js/no_defer.js
Terser: Minifying C:/Users/aiden/Desktop/Personal_website/personal_website/assets/js/plotly-setup.js
Terser: Minifying C:/Users/aiden/Desktop/Personal_website/personal_website/assets/js/progress-bar.js
Terser: Minifying C:/Users/aiden/Desktop/Personal_website/personal_website/assets/js/pseudocode-setup.js
Terser: Minifying C:/Users/aiden/Desktop/Personal_website/personal_website/assets/js/search-setup.js
Terser: Minifying C:/Users/aiden/Desktop/Personal_website/personal_website/assets/js/shortcut-key.js
Terser: Minifying C:/Users/aiden/Desktop/Personal_website/personal_website/assets/js/theme.js
Terser: Minifying C:/Users/aiden/Desktop/Personal_website/personal_website/assets/js/tooltips-setup.js
Terser: Minifying C:/Users/aiden/Desktop/Personal_website/personal_website/assets/js/typograms.js
Terser: Minifying C:/Users/aiden/Desktop/Personal_website/personal_website/assets/js/vega-setup.js
Terser: Minifying C:/Users/aiden/Desktop/Personal_website/personal_website/assets/js/venobox-setup.js
Terser: Minifying C:/Users/aiden/Desktop/Personal_website/personal_website/assets/js/wechat.js
Terser: Minifying C:/Users/aiden/Desktop/Personal_website/personal_website/assets/js/zoom.js
       Jekyll Feed: Generating feed for posts
         AutoPages: Disabled/Not configured in site.config.
        Pagination: Complete, processed 1 pagination page(s)
       Imagemagick: Searching files in C:/Users/aiden/Desktop/Personal_website/personal_website/assets/img/
       Imagemagick: Generating image "C:/Users/aiden/Desktop/Personal_website/personal_website/_site/assets/img/1-480.webp"
       Imagemagick: Generating image "C:/Users/aiden/Desktop/Personal_website/personal_website/_site/assets/img/1-800.webp"
       Imagemagick: Generating image "C:/Users/aiden/Desktop/Personal_website/personal_website/_site/assets/img/1-1400.webp"
       Imagemagick: Generating image "C:/Users/aiden/Desktop/Personal_website/personal_website/_site/assets/img/10-480.webp"
       Imagemagick: Generating image "C:/Users/aiden/Desktop/Personal_website/personal_website/_site/assets/img/10-800.webp"
       Imagemagick: Generating image "C:/Users/aiden/Desktop/Personal_website/personal_website/_site/assets/img/10-1400.webp"
       Imagemagick: Generating image "C:/Users/aiden/Desktop/Personal_website/personal_website/_site/assets/img/11-480.webp"
       Imagemagick: Generating image "C:/Users/aiden/Desktop/Personal_website/personal_website/_site/assets/img/11-800.webp"
       Imagemagick: Generating image "C:/Users/aiden/Desktop/Personal_website/personal_website/_site/assets/img/11-1400.webp"
       Imagemagick: Generating image "C:/Users/aiden/Desktop/Personal_website/personal_website/_site/assets/img/12-480.webp"
       Imagemagick: Generating image "C:/Users/aiden/Desktop/Personal_website/personal_website/_site/assets/img/12-800.webp"
       Imagemagick: Generating image "C:/Users/aiden/Desktop/Personal_website/personal_website/_site/assets/img/12-1400.webp"
       Imagemagick: Generating image "C:/Users/aiden/Desktop/Personal_website/personal_website/_site/assets/img/2-480.webp"
       Imagemagick: Generating image "C:/Users/aiden/Desktop/Personal_website/personal_website/_site/assets/img/2-800.webp"
       Imagemagick: Generating image "C:/Users/aiden/Desktop/Personal_website/personal_website/_site/assets/img/2-1400.webp"
       Imagemagick: Generating image "C:/Users/aiden/Desktop/Personal_website/personal_website/_site/assets/img/3-480.webp"
       Imagemagick: Generating image "C:/Users/aiden/Desktop/Personal_website/personal_website/_site/assets/img/3-800.webp"
       Imagemagick: Generating image "C:/Users/aiden/Desktop/Personal_website/personal_website/_site/assets/img/3-1400.webp"
       Imagemagick: Generating image "C:/Users/aiden/Desktop/Personal_website/personal_website/_site/assets/img/4-480.webp"
       Imagemagick: Generating image "C:/Users/aiden/Desktop/Personal_website/personal_website/_site/assets/img/4-800.webp"
       Imagemagick: Generating image "C:/Users/aiden/Desktop/Personal_website/personal_website/_site/assets/img/4-1400.webp"
       Imagemagick: Generating image "C:/Users/aiden/Desktop/Personal_website/personal_website/_site/assets/img/5-480.webp"
       Imagemagick: Generating image "C:/Users/aiden/Desktop/Personal_website/personal_website/_site/assets/img/5-800.webp"
       Imagemagick: Generating image "C:/Users/aiden/Desktop/Personal_website/personal_website/_site/assets/img/5-1400.webp"
       Imagemagick: Generating image "C:/Users/aiden/Desktop/Personal_website/personal_website/_site/assets/img/6-480.webp"
       Imagemagick: Generating image "C:/Users/aiden/Desktop/Personal_website/personal_website/_site/assets/img/6-800.webp"
       Imagemagick: Generating image "C:/Users/aiden/Desktop/Personal_website/personal_website/_site/assets/img/6-1400.webp"
       Imagemagick: Generating image "C:/Users/aiden/Desktop/Personal_website/personal_website/_site/assets/img/7-480.webp"
       Imagemagick: Generating image "C:/Users/aiden/Desktop/Personal_website/personal_website/_site/assets/img/7-800.webp"
       Imagemagick: Generating image "C:/Users/aiden/Desktop/Personal_website/personal_website/_site/assets/img/7-1400.webp"
       Imagemagick: Generating image "C:/Users/aiden/Desktop/Personal_website/personal_website/_site/assets/img/8-480.webp"
       Imagemagick: Generating image "C:/Users/aiden/Desktop/Personal_website/personal_website/_site/assets/img/8-800.webp"
       Imagemagick: Generating image "C:/Users/aiden/Desktop/Personal_website/personal_website/_site/assets/img/8-1400.webp"
       Imagemagick: Generating image "C:/Users/aiden/Desktop/Personal_website/personal_website/_site/assets/img/9-480.webp"
       Imagemagick: Generating image "C:/Users/aiden/Desktop/Personal_website/personal_website/_site/assets/img/9-800.webp"
       Imagemagick: Generating image "C:/Users/aiden/Desktop/Personal_website/personal_website/_site/assets/img/9-1400.webp"
       Imagemagick: Generating image "C:/Users/aiden/Desktop/Personal_website/personal_website/_site/assets/img/book_covers/the_godfather-480.webp"
       Imagemagick: Generating image "C:/Users/aiden/Desktop/Personal_website/personal_website/_site/assets/img/book_covers/the_godfather-800.webp"
       Imagemagick: Generating image "C:/Users/aiden/Desktop/Personal_website/personal_website/_site/assets/img/book_covers/the_godfather-1400.webp"
       Imagemagick: Generating image "C:/Users/aiden/Desktop/Personal_website/personal_website/_site/assets/img/prof_pic-480.webp"
       Imagemagick: Generating image "C:/Users/aiden/Desktop/Personal_website/personal_website/_site/assets/img/prof_pic-800.webp"
       Imagemagick: Generating image "C:/Users/aiden/Desktop/Personal_website/personal_website/_site/assets/img/prof_pic-1400.webp"
       Imagemagick: Generating image "C:/Users/aiden/Desktop/Personal_website/personal_website/_site/assets/img/prof_pic_color-480.webp"
       Imagemagick: Generating image "C:/Users/aiden/Desktop/Personal_website/personal_website/_site/assets/img/prof_pic_color-800.webp"
       Imagemagick: Generating image "C:/Users/aiden/Desktop/Personal_website/personal_website/_site/assets/img/prof_pic_color-1400.webp"
       Imagemagick: Generating image "C:/Users/aiden/Desktop/Personal_website/personal_website/_site/assets/img/publication_preview/MoTVLA-480.webp"
       Imagemagick: Generating image "C:/Users/aiden/Desktop/Personal_website/personal_website/_site/assets/img/publication_preview/MoTVLA-800.webp"
       Imagemagick: Generating image "C:/Users/aiden/Desktop/Personal_website/personal_website/_site/assets/img/publication_preview/MoTVLA-1400.webp"
       Imagemagick: Generating image "C:/Users/aiden/Desktop/Personal_website/personal_website/_site/assets/img/publication_preview/ViSA-480.webp"
       Imagemagick: Generating image "C:/Users/aiden/Desktop/Personal_website/personal_website/_site/assets/img/publication_preview/ViSA-800.webp"
       Imagemagick: Generating image "C:/Users/aiden/Desktop/Personal_website/personal_website/_site/assets/img/publication_preview/ViSA-1400.webp"
       Imagemagick: Generating image "C:/Users/aiden/Desktop/Personal_website/personal_website/_site/assets/img/publication_preview/brownian-motion-480.webp"
       Imagemagick: Generating image "C:/Users/aiden/Desktop/Personal_website/personal_website/_site/assets/img/publication_preview/brownian-motion-800.webp"
       Imagemagick: Generating image "C:/Users/aiden/Desktop/Personal_website/personal_website/_site/assets/img/publication_preview/brownian-motion-1400.webp"
       Imagemagick: Generating image "C:/Users/aiden/Desktop/Personal_website/personal_website/_site/assets/img/publication_preview/compose-480.webp"
       Imagemagick: Generating image "C:/Users/aiden/Desktop/Personal_website/personal_website/_site/assets/img/publication_preview/compose-800.webp"
       Imagemagick: Generating image "C:/Users/aiden/Desktop/Personal_website/personal_website/_site/assets/img/publication_preview/compose-1400.webp"
       Imagemagick: Generating image "C:/Users/aiden/Desktop/Personal_website/personal_website/_site/assets/img/publication_preview/iccv2023_cover-480.webp"
       Imagemagick: Generating image "C:/Users/aiden/Desktop/Personal_website/personal_website/_site/assets/img/publication_preview/iccv2023_cover-800.webp"
       Imagemagick: Generating image "C:/Users/aiden/Desktop/Personal_website/personal_website/_site/assets/img/publication_preview/iccv2023_cover-1400.webp"
       Imagemagick: Generating image "C:/Users/aiden/Desktop/Personal_website/personal_website/_site/assets/img/publication_preview/icra2024_cover-480.webp"
       Imagemagick: Generating image "C:/Users/aiden/Desktop/Personal_website/personal_website/_site/assets/img/publication_preview/icra2024_cover-800.webp"
       Imagemagick: Generating image "C:/Users/aiden/Desktop/Personal_website/personal_website/_site/assets/img/publication_preview/icra2024_cover-1400.webp"
       Imagemagick: Generating image "C:/Users/aiden/Desktop/Personal_website/personal_website/_site/assets/img/publication_preview/robocrafter-480.webp"
       Imagemagick: Generating image "C:/Users/aiden/Desktop/Personal_website/personal_website/_site/assets/img/publication_preview/robocrafter-800.webp"
       Imagemagick: Generating image "C:/Users/aiden/Desktop/Personal_website/personal_website/_site/assets/img/publication_preview/robocrafter-1400.webp"
       Imagemagick: Generating image "C:/Users/aiden/Desktop/Personal_website/personal_website/_site/assets/img/publication_preview/tns2023_cover-480.webp"
       Imagemagick: Generating image "C:/Users/aiden/Desktop/Personal_website/personal_website/_site/assets/img/publication_preview/tns2023_cover-800.webp"
       Imagemagick: Generating image "C:/Users/aiden/Desktop/Personal_website/personal_website/_site/assets/img/publication_preview/tns2023_cover-1400.webp"
       Imagemagick: Generating image "C:/Users/aiden/Desktop/Personal_website/personal_website/_site/assets/img/publication_preview/wave-mechanics-480.webp"
       Imagemagick: Generating image "C:/Users/aiden/Desktop/Personal_website/personal_website/_site/assets/img/publication_preview/wave-mechanics-800.webp"
       Imagemagick: Generating image "C:/Users/aiden/Desktop/Personal_website/personal_website/_site/assets/img/publication_preview/wave-mechanics-1400.webp"
       Imagemagick: Generating image "C:/Users/aiden/Desktop/Personal_website/personal_website/_site/assets/img/rhino-480.webp"
       Imagemagick: Generating image "C:/Users/aiden/Desktop/Personal_website/personal_website/_site/assets/img/rhino-800.webp"
       Imagemagick: Generating image "C:/Users/aiden/Desktop/Personal_website/personal_website/_site/assets/img/rhino-1400.webp"
       Imagemagick: Generating image "C:/Users/aiden/Desktop/Personal_website/personal_website/_site/assets/img/template_error-480.webp"
       Imagemagick: Generating image "C:/Users/aiden/Desktop/Personal_website/personal_website/_site/assets/img/template_error-800.webp"
       Imagemagick: Generating image "C:/Users/aiden/Desktop/Personal_website/personal_website/_site/assets/img/template_error-1400.webp"
       Imagemagick: Generated 78 file(s)
                    done in 9.183 seconds.
 Auto-regeneration: enabled for 'C:/Users/aiden/Desktop/Personal_website/personal_website'
LiveReload address: http://127.0.0.1:35729
    Server address: http://127.0.0.1:4000
  Server running... press ctrl-c to stop.
      Regenerating: 1 file(s) changed at 2026-04-22 12:44:46
                    jekyll-serve.log
Terser: Minifying C:/Users/aiden/Desktop/Personal_website/personal_website/assets/js/bibsearch.js
Terser: Minifying C:/Users/aiden/Desktop/Personal_website/personal_website/assets/js/calendar-setup.js
Terser: Minifying C:/Users/aiden/Desktop/Personal_website/personal_website/assets/js/chartjs-setup.js
Terser: Minifying C:/Users/aiden/Desktop/Personal_website/personal_website/assets/js/common.js
Terser: Minifying C:/Users/aiden/Desktop/Personal_website/personal_website/assets/js/copy_code.js
Terser: Minifying C:/Users/aiden/Desktop/Personal_website/personal_website/assets/js/diff2html-setup.js
Terser: Minifying C:/Users/aiden/Desktop/Personal_website/personal_website/assets/js/distillpub/overrides.js
Terser: Minifying C:/Users/aiden/Desktop/Personal_website/personal_website/assets/js/distillpub/template.v2.js
Terser: Minifying C:/Users/aiden/Desktop/Personal_website/personal_website/assets/js/distillpub/transforms.v2.js
Terser: Minifying C:/Users/aiden/Desktop/Personal_website/personal_website/assets/js/echarts-setup.js
Terser: Minifying C:/Users/aiden/Desktop/Personal_website/personal_website/assets/js/highlight-search-term.js
Terser: Minifying C:/Users/aiden/Desktop/Personal_website/personal_website/assets/js/jupyter_new_tab.js
Terser: Minifying C:/Users/aiden/Desktop/Personal_website/personal_website/assets/js/leaflet-setup.js
Terser: Minifying C:/Users/aiden/Desktop/Personal_website/personal_website/assets/js/masonry.js
Terser: Minifying C:/Users/aiden/Desktop/Personal_website/personal_website/assets/js/mathjax-setup.js
Terser: Minifying C:/Users/aiden/Desktop/Personal_website/personal_website/assets/js/mermaid-setup.js
Terser: Minifying C:/Users/aiden/Desktop/Personal_website/personal_website/assets/js/newsletter.js
Terser: Minifying C:/Users/aiden/Desktop/Personal_website/personal_website/assets/js/no_defer.js
Terser: Minifying C:/Users/aiden/Desktop/Personal_website/personal_website/assets/js/plotly-setup.js
Terser: Minifying C:/Users/aiden/Desktop/Personal_website/personal_website/assets/js/progress-bar.js
Terser: Minifying C:/Users/aiden/Desktop/Personal_website/personal_website/assets/js/pseudocode-setup.js
Terser: Minifying C:/Users/aiden/Desktop/Personal_website/personal_website/assets/js/search-setup.js
Terser: Minifying C:/Users/aiden/Desktop/Personal_website/personal_website/assets/js/shortcut-key.js
Terser: Minifying C:/Users/aiden/Desktop/Personal_website/personal_website/assets/js/theme.js
Terser: Minifying C:/Users/aiden/Desktop/Personal_website/personal_website/assets/js/tooltips-setup.js
Terser: Minifying C:/Users/aiden/Desktop/Personal_website/personal_website/assets/js/typograms.js
Terser: Minifying C:/Users/aiden/Desktop/Personal_website/personal_website/assets/js/vega-setup.js
Terser: Minifying C:/Users/aiden/Desktop/Personal_website/personal_website/assets/js/venobox-setup.js
Terser: Minifying C:/Users/aiden/Desktop/Personal_website/personal_website/assets/js/wechat.js
Terser: Minifying C:/Users/aiden/Desktop/Personal_website/personal_website/assets/js/zoom.js
       Jekyll Feed: Generating feed for posts
         AutoPages: Disabled/Not configured in site.config.
        Pagination: Complete, processed 1 pagination page(s)
       Imagemagick: Searching files in C:/Users/aiden/Desktop/Personal_website/personal_website/assets/img/
       Imagemagick: Generating image "C:/Users/aiden/Desktop/Personal_website/personal_website/_site/assets/img/1-480.webp"
       Imagemagick: Generating image "C:/Users/aiden/Desktop/Personal_website/personal_website/_site/assets/img/1-800.webp"
       Imagemagick: Generating image "C:/Users/aiden/Desktop/Personal_website/personal_website/_site/assets/img/1-1400.webp"
       Imagemagick: Generating image "C:/Users/aiden/Desktop/Personal_website/personal_website/_site/assets/img/10-480.webp"
       Imagemagick: Generating image "C:/Users/aiden/Desktop/Personal_website/personal_website/_site/assets/img/10-800.webp"
       Imagemagick: Generating image "C:/Users/aiden/Desktop/Personal_website/personal_website/_site/assets/img/10-1400.webp"
       Imagemagick: Generating image "C:/Users/aiden/Desktop/Personal_website/personal_website/_site/assets/img/11-480.webp"
       Imagemagick: Generating image "C:/Users/aiden/Desktop/Personal_website/personal_website/_site/assets/img/11-800.webp"
       Imagemagick: Generating image "C:/Users/aiden/Desktop/Personal_website/personal_website/_site/assets/img/11-1400.webp"
       Imagemagick: Generating image "C:/Users/aiden/Desktop/Personal_website/personal_website/_site/assets/img/12-480.webp"
       Imagemagick: Generating image "C:/Users/aiden/Desktop/Personal_website/personal_website/_site/assets/img/12-800.webp"
       Imagemagick: Generating image "C:/Users/aiden/Desktop/Personal_website/personal_website/_site/assets/img/12-1400.webp"
       Imagemagick: Generating image "C:/Users/aiden/Desktop/Personal_website/personal_website/_site/assets/img/2-480.webp"
       Imagemagick: Generating image "C:/Users/aiden/Desktop/Personal_website/personal_website/_site/assets/img/2-800.webp"
       Imagemagick: Generating image "C:/Users/aiden/Desktop/Personal_website/personal_website/_site/assets/img/2-1400.webp"
       Imagemagick: Generating image "C:/Users/aiden/Desktop/Personal_website/personal_website/_site/assets/img/3-480.webp"
       Imagemagick: Generating image "C:/Users/aiden/Desktop/Personal_website/personal_website/_site/assets/img/3-800.webp"
       Imagemagick: Generating image "C:/Users/aiden/Desktop/Personal_website/personal_website/_site/assets/img/3-1400.webp"
       Imagemagick: Generating image "C:/Users/aiden/Desktop/Personal_website/personal_website/_site/assets/img/4-480.webp"
       Imagemagick: Generating image "C:/Users/aiden/Desktop/Personal_website/personal_website/_site/assets/img/4-800.webp"
       Imagemagick: Generating image "C:/Users/aiden/Desktop/Personal_website/personal_website/_site/assets/img/4-1400.webp"
       Imagemagick: Generating image "C:/Users/aiden/Desktop/Personal_website/personal_website/_site/assets/img/5-480.webp"
       Imagemagick: Generating image "C:/Users/aiden/Desktop/Personal_website/personal_website/_site/assets/img/5-800.webp"
       Imagemagick: Generating image "C:/Users/aiden/Desktop/Personal_website/personal_website/_site/assets/img/5-1400.webp"
       Imagemagick: Generating image "C:/Users/aiden/Desktop/Personal_website/personal_website/_site/assets/img/6-480.webp"
       Imagemagick: Generating image "C:/Users/aiden/Desktop/Personal_website/personal_website/_site/assets/img/6-800.webp"
       Imagemagick: Generating image "C:/Users/aiden/Desktop/Personal_website/personal_website/_site/assets/img/6-1400.webp"
       Imagemagick: Generating image "C:/Users/aiden/Desktop/Personal_website/personal_website/_site/assets/img/7-480.webp"
       Imagemagick: Generating image "C:/Users/aiden/Desktop/Personal_website/personal_website/_site/assets/img/7-800.webp"
       Imagemagick: Generating image "C:/Users/aiden/Desktop/Personal_website/personal_website/_site/assets/img/7-1400.webp"
       Imagemagick: Generating image "C:/Users/aiden/Desktop/Personal_website/personal_website/_site/assets/img/8-480.webp"
       Imagemagick: Generating image "C:/Users/aiden/Desktop/Personal_website/personal_website/_site/assets/img/8-800.webp"
       Imagemagick: Generating image "C:/Users/aiden/Desktop/Personal_website/personal_website/_site/assets/img/8-1400.webp"
       Imagemagick: Generating image "C:/Users/aiden/Desktop/Personal_website/personal_website/_site/assets/img/9-480.webp"
       Imagemagick: Generating image "C:/Users/aiden/Desktop/Personal_website/personal_website/_site/assets/img/9-800.webp"
       Imagemagick: Generating image "C:/Users/aiden/Desktop/Personal_website/personal_website/_site/assets/img/9-1400.webp"
       Imagemagick: Generating image "C:/Users/aiden/Desktop/Personal_website/personal_website/_site/assets/img/book_covers/the_godfather-480.webp"
       Imagemagick: Generating image "C:/Users/aiden/Desktop/Personal_website/personal_website/_site/assets/img/book_covers/the_godfather-800.webp"
       Imagemagick: Generating image "C:/Users/aiden/Desktop/Personal_website/personal_website/_site/assets/img/book_covers/the_godfather-1400.webp"
       Imagemagick: Generating image "C:/Users/aiden/Desktop/Personal_website/personal_website/_site/assets/img/prof_pic-480.webp"
       Imagemagick: Generating image "C:/Users/aiden/Desktop/Personal_website/personal_website/_site/assets/img/prof_pic-800.webp"
       Imagemagick: Generating image "C:/Users/aiden/Desktop/Personal_website/personal_website/_site/assets/img/prof_pic-1400.webp"
       Imagemagick: Generating image "C:/Users/aiden/Desktop/Personal_website/personal_website/_site/assets/img/prof_pic_color-480.webp"
       Imagemagick: Generating image "C:/Users/aiden/Desktop/Personal_website/personal_website/_site/assets/img/prof_pic_color-800.webp"
       Imagemagick: Generating image "C:/Users/aiden/Desktop/Personal_website/personal_website/_site/assets/img/prof_pic_color-1400.webp"
       Imagemagick: Generating image "C:/Users/aiden/Desktop/Personal_website/personal_website/_site/assets/img/publication_preview/MoTVLA-480.webp"
       Imagemagick: Generating image "C:/Users/aiden/Desktop/Personal_website/personal_website/_site/assets/img/publication_preview/MoTVLA-800.webp"
       Imagemagick: Generating image "C:/Users/aiden/Desktop/Personal_website/personal_website/_site/assets/img/publication_preview/MoTVLA-1400.webp"
       Imagemagick: Generating image "C:/Users/aiden/Desktop/Personal_website/personal_website/_site/assets/img/publication_preview/ViSA-480.webp"
       Imagemagick: Generating image "C:/Users/aiden/Desktop/Personal_website/personal_website/_site/assets/img/publication_preview/ViSA-800.webp"
       Imagemagick: Generating image "C:/Users/aiden/Desktop/Personal_website/personal_website/_site/assets/img/publication_preview/ViSA-1400.webp"
       Imagemagick: Generating image "C:/Users/aiden/Desktop/Personal_website/personal_website/_site/assets/img/publication_preview/brownian-motion-480.webp"
       Imagemagick: Generating image "C:/Users/aiden/Desktop/Personal_website/personal_website/_site/assets/img/publication_preview/brownian-motion-800.webp"
       Imagemagick: Generating image "C:/Users/aiden/Desktop/Personal_website/personal_website/_site/assets/img/publication_preview/brownian-motion-1400.webp"
       Imagemagick: Generating image "C:/Users/aiden/Desktop/Personal_website/personal_website/_site/assets/img/publication_preview/compose-480.webp"
       Imagemagick: Generating image "C:/Users/aiden/Desktop/Personal_website/personal_website/_site/assets/img/publication_preview/compose-800.webp"
       Imagemagick: Generating image "C:/Users/aiden/Desktop/Personal_website/personal_website/_site/assets/img/publication_preview/compose-1400.webp"
       Imagemagick: Generating image "C:/Users/aiden/Desktop/Personal_website/personal_website/_site/assets/img/publication_preview/iccv2023_cover-480.webp"
       Imagemagick: Generating image "C:/Users/aiden/Desktop/Personal_website/personal_website/_site/assets/img/publication_preview/iccv2023_cover-800.webp"
       Imagemagick: Generating image "C:/Users/aiden/Desktop/Personal_website/personal_website/_site/assets/img/publication_preview/iccv2023_cover-1400.webp"
       Imagemagick: Generating image "C:/Users/aiden/Desktop/Personal_website/personal_website/_site/assets/img/publication_preview/icra2024_cover-480.webp"
       Imagemagick: Generating image "C:/Users/aiden/Desktop/Personal_website/personal_website/_site/assets/img/publication_preview/icra2024_cover-800.webp"
       Imagemagick: Generating image "C:/Users/aiden/Desktop/Personal_website/personal_website/_site/assets/img/publication_preview/icra2024_cover-1400.webp"
       Imagemagick: Generating image "C:/Users/aiden/Desktop/Personal_website/personal_website/_site/assets/img/publication_preview/robocrafter-480.webp"
       Imagemagick: Generating image "C:/Users/aiden/Desktop/Personal_website/personal_website/_site/assets/img/publication_preview/robocrafter-800.webp"
       Imagemagick: Generating image "C:/Users/aiden/Desktop/Personal_website/personal_website/_site/assets/img/publication_preview/robocrafter-1400.webp"
       Imagemagick: Generating image "C:/Users/aiden/Desktop/Personal_website/personal_website/_site/assets/img/publication_preview/tns2023_cover-480.webp"
       Imagemagick: Generating image "C:/Users/aiden/Desktop/Personal_website/personal_website/_site/assets/img/publication_preview/tns2023_cover-800.webp"
       Imagemagick: Generating image "C:/Users/aiden/Desktop/Personal_website/personal_website/_site/assets/img/publication_preview/tns2023_cover-1400.webp"
       Imagemagick: Generating image "C:/Users/aiden/Desktop/Personal_website/personal_website/_site/assets/img/publication_preview/wave-mechanics-480.webp"
       Imagemagick: Generating image "C:/Users/aiden/Desktop/Personal_website/personal_website/_site/assets/img/publication_preview/wave-mechanics-800.webp"
       Imagemagick: Generating image "C:/Users/aiden/Desktop/Personal_website/personal_website/_site/assets/img/publication_preview/wave-mechanics-1400.webp"
       Imagemagick: Generating image "C:/Users/aiden/Desktop/Personal_website/personal_website/_site/assets/img/rhino-480.webp"
       Imagemagick: Generating image "C:/Users/aiden/Desktop/Personal_website/personal_website/_site/assets/img/rhino-800.webp"
       Imagemagick: Generating image "C:/Users/aiden/Desktop/Personal_website/personal_website/_site/assets/img/rhino-1400.webp"
       Imagemagick: Generating image "C:/Users/aiden/Desktop/Personal_website/personal_website/_site/assets/img/template_error-480.webp"
       Imagemagick: Generating image "C:/Users/aiden/Desktop/Personal_website/personal_website/_site/assets/img/template_error-800.webp"
       Imagemagick: Generating image "C:/Users/aiden/Desktop/Personal_website/personal_website/_site/assets/img/template_error-1400.webp"
       Imagemagick: Generated 78 file(s)
                    ...done in 8.3610496 seconds.
                    
      Regenerating: 2 file(s) changed at 2026-04-22 12:44:55
                    jekyll-serve.err
                    jekyll-serve.log
Terser: Minifying C:/Users/aiden/Desktop/Personal_website/personal_website/assets/js/bibsearch.js
Terser: Minifying C:/Users/aiden/Desktop/Personal_website/personal_website/assets/js/calendar-setup.js
Terser: Minifying C:/Users/aiden/Desktop/Personal_website/personal_website/assets/js/chartjs-setup.js
Terser: Minifying C:/Users/aiden/Desktop/Personal_website/personal_website/assets/js/common.js
Terser: Minifying C:/Users/aiden/Desktop/Personal_website/personal_website/assets/js/copy_code.js
Terser: Minifying C:/Users/aiden/Desktop/Personal_website/personal_website/assets/js/diff2html-setup.js
Terser: Minifying C:/Users/aiden/Desktop/Personal_website/personal_website/assets/js/distillpub/overrides.js
Terser: Minifying C:/Users/aiden/Desktop/Personal_website/personal_website/assets/js/distillpub/template.v2.js
Terser: Minifying C:/Users/aiden/Desktop/Personal_website/personal_website/assets/js/distillpub/transforms.v2.js
Terser: Minifying C:/Users/aiden/Desktop/Personal_website/personal_website/assets/js/echarts-setup.js
Terser: Minifying C:/Users/aiden/Desktop/Personal_website/personal_website/assets/js/highlight-search-term.js
Terser: Minifying C:/Users/aiden/Desktop/Personal_website/personal_website/assets/js/jupyter_new_tab.js
Terser: Minifying C:/Users/aiden/Desktop/Personal_website/personal_website/assets/js/leaflet-setup.js
Terser: Minifying C:/Users/aiden/Desktop/Personal_website/personal_website/assets/js/masonry.js
Terser: Minifying C:/Users/aiden/Desktop/Personal_website/personal_website/assets/js/mathjax-setup.js
Terser: Minifying C:/Users/aiden/Desktop/Personal_website/personal_website/assets/js/mermaid-setup.js
Terser: Minifying C:/Users/aiden/Desktop/Personal_website/personal_website/assets/js/newsletter.js
Terser: Minifying C:/Users/aiden/Desktop/Personal_website/personal_website/assets/js/no_defer.js
Terser: Minifying C:/Users/aiden/Desktop/Personal_website/personal_website/assets/js/plotly-setup.js
Terser: Minifying C:/Users/aiden/Desktop/Personal_website/personal_website/assets/js/progress-bar.js
Terser: Minifying C:/Users/aiden/Desktop/Personal_website/personal_website/assets/js/pseudocode-setup.js
Terser: Minifying C:/Users/aiden/Desktop/Personal_website/personal_website/assets/js/search-setup.js
Terser: Minifying C:/Users/aiden/Desktop/Personal_website/personal_website/assets/js/shortcut-key.js
Terser: Minifying C:/Users/aiden/Desktop/Personal_website/personal_website/assets/js/theme.js
Terser: Minifying C:/Users/aiden/Desktop/Personal_website/personal_website/assets/js/tooltips-setup.js
Terser: Minifying C:/Users/aiden/Desktop/Personal_website/personal_website/assets/js/typograms.js
Terser: Minifying C:/Users/aiden/Desktop/Personal_website/personal_website/assets/js/vega-setup.js
Terser: Minifying C:/Users/aiden/Desktop/Personal_website/personal_website/assets/js/venobox-setup.js
Terser: Minifying C:/Users/aiden/Desktop/Personal_website/personal_website/assets/js/wechat.js
Terser: Minifying C:/Users/aiden/Desktop/Personal_website/personal_website/assets/js/zoom.js
       Jekyll Feed: Generating feed for posts
         AutoPages: Disabled/Not configured in site.config.
        Pagination: Complete, processed 1 pagination page(s)
       Imagemagick: Searching files in C:/Users/aiden/Desktop/Personal_website/personal_website/assets/img/
       Imagemagick: Generating image "C:/Users/aiden/Desktop/Personal_website/personal_website/_site/assets/img/1-480.webp"
       Imagemagick: Generating image "C:/Users/aiden/Desktop/Personal_website/personal_website/_site/assets/img/1-800.webp"
       Imagemagick: Generating image "C:/Users/aiden/Desktop/Personal_website/personal_website/_site/assets/img/1-1400.webp"
       Imagemagick: Generating image "C:/Users/aiden/Desktop/Personal_website/personal_website/_site/assets/img/10-480.webp"
       Imagemagick: Generating image "C:/Users/aiden/Desktop/Personal_website/personal_website/_site/assets/img/10-800.webp"
       Imagemagick: Generating image "C:/Users/aiden/Desktop/Personal_website/personal_website/_site/assets/img/10-1400.webp"
       Imagemagick: Generating image "C:/Users/aiden/Desktop/Personal_website/personal_website/_site/assets/img/11-480.webp"
       Imagemagick: Generating image "C:/Users/aiden/Desktop/Personal_website/personal_website/_site/assets/img/11-800.webp"
       Imagemagick: Generating image "C:/Users/aiden/Desktop/Personal_website/personal_website/_site/assets/img/11-1400.webp"
       Imagemagick: Generating image "C:/Users/aiden/Desktop/Personal_website/personal_website/_site/assets/img/12-480.webp"
       Imagemagick: Generating image "C:/Users/aiden/Desktop/Personal_website/personal_website/_site/assets/img/12-800.webp"
       Imagemagick: Generating image "C:/Users/aiden/Desktop/Personal_website/personal_website/_site/assets/img/12-1400.webp"
       Imagemagick: Generating image "C:/Users/aiden/Desktop/Personal_website/personal_website/_site/assets/img/2-480.webp"
       Imagemagick: Generating image "C:/Users/aiden/Desktop/Personal_website/personal_website/_site/assets/img/2-800.webp"
       Imagemagick: Generating image "C:/Users/aiden/Desktop/Personal_website/personal_website/_site/assets/img/2-1400.webp"
       Imagemagick: Generating image "C:/Users/aiden/Desktop/Personal_website/personal_website/_site/assets/img/3-480.webp"
       Imagemagick: Generating image "C:/Users/aiden/Desktop/Personal_website/personal_website/_site/assets/img/3-800.webp"
       Imagemagick: Generating image "C:/Users/aiden/Desktop/Personal_website/personal_website/_site/assets/img/3-1400.webp"
       Imagemagick: Generating image "C:/Users/aiden/Desktop/Personal_website/personal_website/_site/assets/img/4-480.webp"
       Imagemagick: Generating image "C:/Users/aiden/Desktop/Personal_website/personal_website/_site/assets/img/4-800.webp"
       Imagemagick: Generating image "C:/Users/aiden/Desktop/Personal_website/personal_website/_site/assets/img/4-1400.webp"
       Imagemagick: Generating image "C:/Users/aiden/Desktop/Personal_website/personal_website/_site/assets/img/5-480.webp"
       Imagemagick: Generating image "C:/Users/aiden/Desktop/Personal_website/personal_website/_site/assets/img/5-800.webp"
       Imagemagick: Generating image "C:/Users/aiden/Desktop/Personal_website/personal_website/_site/assets/img/5-1400.webp"
       Imagemagick: Generating image "C:/Users/aiden/Desktop/Personal_website/personal_website/_site/assets/img/6-480.webp"
       Imagemagick: Generating image "C:/Users/aiden/Desktop/Personal_website/personal_website/_site/assets/img/6-800.webp"
       Imagemagick: Generating image "C:/Users/aiden/Desktop/Personal_website/personal_website/_site/assets/img/6-1400.webp"
       Imagemagick: Generating image "C:/Users/aiden/Desktop/Personal_website/personal_website/_site/assets/img/7-480.webp"
       Imagemagick: Generating image "C:/Users/aiden/Desktop/Personal_website/personal_website/_site/assets/img/7-800.webp"
       Imagemagick: Generating image "C:/Users/aiden/Desktop/Personal_website/personal_website/_site/assets/img/7-1400.webp"
       Imagemagick: Generating image "C:/Users/aiden/Desktop/Personal_website/personal_website/_site/assets/img/8-480.webp"
       Imagemagick: Generating image "C:/Users/aiden/Desktop/Personal_website/personal_website/_site/assets/img/8-800.webp"
       Imagemagick: Generating image "C:/Users/aiden/Desktop/Personal_website/personal_website/_site/assets/img/8-1400.webp"
       Imagemagick: Generating image "C:/Users/aiden/Desktop/Personal_website/personal_website/_site/assets/img/9-480.webp"
       Imagemagick: Generating image "C:/Users/aiden/Desktop/Personal_website/personal_website/_site/assets/img/9-800.webp"
       Imagemagick: Generating image "C:/Users/aiden/Desktop/Personal_website/personal_website/_site/assets/img/9-1400.webp"
       Imagemagick: Generating image "C:/Users/aiden/Desktop/Personal_website/personal_website/_site/assets/img/book_covers/the_godfather-480.webp"
       Imagemagick: Generating image "C:/Users/aiden/Desktop/Personal_website/personal_website/_site/assets/img/book_covers/the_godfather-800.webp"
       Imagemagick: Generating image "C:/Users/aiden/Desktop/Personal_website/personal_website/_site/assets/img/book_covers/the_godfather-1400.webp"
       Imagemagick: Generating image "C:/Users/aiden/Desktop/Personal_website/personal_website/_site/assets/img/prof_pic-480.webp"
       Imagemagick: Generating image "C:/Users/aiden/Desktop/Personal_website/personal_website/_site/assets/img/prof_pic-800.webp"
       Imagemagick: Generating image "C:/Users/aiden/Desktop/Personal_website/personal_website/_site/assets/img/prof_pic-1400.webp"
       Imagemagick: Generating image "C:/Users/aiden/Desktop/Personal_website/personal_website/_site/assets/img/prof_pic_color-480.webp"
       Imagemagick: Generating image "C:/Users/aiden/Desktop/Personal_website/personal_website/_site/assets/img/prof_pic_color-800.webp"
       Imagemagick: Generating image "C:/Users/aiden/Desktop/Personal_website/personal_website/_site/assets/img/prof_pic_color-1400.webp"
       Imagemagick: Generating image "C:/Users/aiden/Desktop/Personal_website/personal_website/_site/assets/img/publication_preview/MoTVLA-480.webp"
       Imagemagick: Generating image "C:/Users/aiden/Desktop/Personal_website/personal_website/_site/assets/img/publication_preview/MoTVLA-800.webp"
       Imagemagick: Generating image "C:/Users/aiden/Desktop/Personal_website/personal_website/_site/assets/img/publication_preview/MoTVLA-1400.webp"
       Imagemagick: Generating image "C:/Users/aiden/Desktop/Personal_website/personal_website/_site/assets/img/publication_preview/ViSA-480.webp"
       Imagemagick: Generating image "C:/Users/aiden/Desktop/Personal_website/personal_website/_site/assets/img/publication_preview/ViSA-800.webp"
       Imagemagick: Generating image "C:/Users/aiden/Desktop/Personal_website/personal_website/_site/assets/img/publication_preview/ViSA-1400.webp"
       Imagemagick: Generating image "C:/Users/aiden/Desktop/Personal_website/personal_website/_site/assets/img/publication_preview/brownian-motion-480.webp"
       Imagemagick: Generating image "C:/Users/aiden/Desktop/Personal_website/personal_website/_site/assets/img/publication_preview/brownian-motion-800.webp"
       Imagemagick: Generating image "C:/Users/aiden/Desktop/Personal_website/personal_website/_site/assets/img/publication_preview/brownian-motion-1400.webp"
       Imagemagick: Generating image "C:/Users/aiden/Desktop/Personal_website/personal_website/_site/assets/img/publication_preview/compose-480.webp"
       Imagemagick: Generating image "C:/Users/aiden/Desktop/Personal_website/personal_website/_site/assets/img/publication_preview/compose-800.webp"
       Imagemagick: Generating image "C:/Users/aiden/Desktop/Personal_website/personal_website/_site/assets/img/publication_preview/compose-1400.webp"
       Imagemagick: Generating image "C:/Users/aiden/Desktop/Personal_website/personal_website/_site/assets/img/publication_preview/iccv2023_cover-480.webp"
       Imagemagick: Generating image "C:/Users/aiden/Desktop/Personal_website/personal_website/_site/assets/img/publication_preview/iccv2023_cover-800.webp"
       Imagemagick: Generating image "C:/Users/aiden/Desktop/Personal_website/personal_website/_site/assets/img/publication_preview/iccv2023_cover-1400.webp"
       Imagemagick: Generating image "C:/Users/aiden/Desktop/Personal_website/personal_website/_site/assets/img/publication_preview/icra2024_cover-480.webp"
       Imagemagick: Generating image "C:/Users/aiden/Desktop/Personal_website/personal_website/_site/assets/img/publication_preview/icra2024_cover-800.webp"
       Imagemagick: Generating image "C:/Users/aiden/Desktop/Personal_website/personal_website/_site/assets/img/publication_preview/icra2024_cover-1400.webp"
       Imagemagick: Generating image "C:/Users/aiden/Desktop/Personal_website/personal_website/_site/assets/img/publication_preview/robocrafter-480.webp"
       Imagemagick: Generating image "C:/Users/aiden/Desktop/Personal_website/personal_website/_site/assets/img/publication_preview/robocrafter-800.webp"
       Imagemagick: Generating image "C:/Users/aiden/Desktop/Personal_website/personal_website/_site/assets/img/publication_preview/robocrafter-1400.webp"
       Imagemagick: Generating image "C:/Users/aiden/Desktop/Personal_website/personal_website/_site/assets/img/publication_preview/tns2023_cover-480.webp"
       Imagemagick: Generating image "C:/Users/aiden/Desktop/Personal_website/personal_website/_site/assets/img/publication_preview/tns2023_cover-800.webp"
       Imagemagick: Generating image "C:/Users/aiden/Desktop/Personal_website/personal_website/_site/assets/img/publication_preview/tns2023_cover-1400.webp"
       Imagemagick: Generating image "C:/Users/aiden/Desktop/Personal_website/personal_website/_site/assets/img/publication_preview/wave-mechanics-480.webp"
       Imagemagick: Generating image "C:/Users/aiden/Desktop/Personal_website/personal_website/_site/assets/img/publication_preview/wave-mechanics-800.webp"
       Imagemagick: Generating image "C:/Users/aiden/Desktop/Personal_website/personal_website/_site/assets/img/publication_preview/wave-mechanics-1400.webp"
       Imagemagick: Generating image "C:/Users/aiden/Desktop/Personal_website/personal_website/_site/assets/img/rhino-480.webp"
       Imagemagick: Generating image "C:/Users/aiden/Desktop/Personal_website/personal_website/_site/assets/img/rhino-800.webp"
       Imagemagick: Generating image "C:/Users/aiden/Desktop/Personal_website/personal_website/_site/assets/img/rhino-1400.webp"
       Imagemagick: Generating image "C:/Users/aiden/Desktop/Personal_website/personal_website/_site/assets/img/template_error-480.webp"
       Imagemagick: Generating image "C:/Users/aiden/Desktop/Personal_website/personal_website/_site/assets/img/template_error-800.webp"
       Imagemagick: Generating image "C:/Users/aiden/Desktop/Personal_website/personal_website/_site/assets/img/template_error-1400.webp"
       Imagemagick: Generated 78 file(s)
                    ...done in 8.5077097 seconds.
                    
      Regenerating: 2 file(s) changed at 2026-04-22 12:45:03
                    jekyll-serve.err
                    jekyll-serve.log
Terser: Minifying C:/Users/aiden/Desktop/Personal_website/personal_website/assets/js/bibsearch.js
Terser: Minifying C:/Users/aiden/Desktop/Personal_website/personal_website/assets/js/calendar-setup.js
Terser: Minifying C:/Users/aiden/Desktop/Personal_website/personal_website/assets/js/chartjs-setup.js
Terser: Minifying C:/Users/aiden/Desktop/Personal_website/personal_website/assets/js/common.js
Terser: Minifying C:/Users/aiden/Desktop/Personal_website/personal_website/assets/js/copy_code.js
Terser: Minifying C:/Users/aiden/Desktop/Personal_website/personal_website/assets/js/diff2html-setup.js
Terser: Minifying C:/Users/aiden/Desktop/Personal_website/personal_website/assets/js/distillpub/overrides.js
Terser: Minifying C:/Users/aiden/Desktop/Personal_website/personal_website/assets/js/distillpub/template.v2.js
Terser: Minifying C:/Users/aiden/Desktop/Personal_website/personal_website/assets/js/distillpub/transforms.v2.js
Terser: Minifying C:/Users/aiden/Desktop/Personal_website/personal_website/assets/js/echarts-setup.js
Terser: Minifying C:/Users/aiden/Desktop/Personal_website/personal_website/assets/js/highlight-search-term.js
Terser: Minifying C:/Users/aiden/Desktop/Personal_website/personal_website/assets/js/jupyter_new_tab.js
Terser: Minifying C:/Users/aiden/Desktop/Personal_website/personal_website/assets/js/leaflet-setup.js
Terser: Minifying C:/Users/aiden/Desktop/Personal_website/personal_website/assets/js/masonry.js
Terser: Minifying C:/Users/aiden/Desktop/Personal_website/personal_website/assets/js/mathjax-setup.js
Terser: Minifying C:/Users/aiden/Desktop/Personal_website/personal_website/assets/js/mermaid-setup.js
Terser: Minifying C:/Users/aiden/Desktop/Personal_website/personal_website/assets/js/newsletter.js
Terser: Minifying C:/Users/aiden/Desktop/Personal_website/personal_website/assets/js/no_defer.js
Terser: Minifying C:/Users/aiden/Desktop/Personal_website/personal_website/assets/js/plotly-setup.js
Terser: Minifying C:/Users/aiden/Desktop/Personal_website/personal_website/assets/js/progress-bar.js
Terser: Minifying C:/Users/aiden/Desktop/Personal_website/personal_website/assets/js/pseudocode-setup.js
Terser: Minifying C:/Users/aiden/Desktop/Personal_website/personal_website/assets/js/search-setup.js
Terser: Minifying C:/Users/aiden/Desktop/Personal_website/personal_website/assets/js/shortcut-key.js
Terser: Minifying C:/Users/aiden/Desktop/Personal_website/personal_website/assets/js/theme.js
Terser: Minifying C:/Users/aiden/Desktop/Personal_website/personal_website/assets/js/tooltips-setup.js
Terser: Minifying C:/Users/aiden/Desktop/Personal_website/personal_website/assets/js/typograms.js
Terser: Minifying C:/Users/aiden/Desktop/Personal_website/personal_website/assets/js/vega-setup.js
Terser: Minifying C:/Users/aiden/Desktop/Personal_website/personal_website/assets/js/venobox-setup.js
Terser: Minifying C:/Users/aiden/Desktop/Personal_website/personal_website/assets/js/wechat.js
Terser: Minifying C:/Users/aiden/Desktop/Personal_website/personal_website/assets/js/zoom.js
       Jekyll Feed: Generating feed for posts
         AutoPages: Disabled/Not configured in site.config.
        Pagination: Complete, processed 1 pagination page(s)
       Imagemagick: Searching files in C:/Users/aiden/Desktop/Personal_website/personal_website/assets/img/
       Imagemagick: Generating image "C:/Users/aiden/Desktop/Personal_website/personal_website/_site/assets/img/1-480.webp"
       Imagemagick: Generating image "C:/Users/aiden/Desktop/Personal_website/personal_website/_site/assets/img/1-800.webp"
       Imagemagick: Generating image "C:/Users/aiden/Desktop/Personal_website/personal_website/_site/assets/img/1-1400.webp"
       Imagemagick: Generating image "C:/Users/aiden/Desktop/Personal_website/personal_website/_site/assets/img/10-480.webp"
       Imagemagick: Generating image "C:/Users/aiden/Desktop/Personal_website/personal_website/_site/assets/img/10-800.webp"
       Imagemagick: Generating image "C:/Users/aiden/Desktop/Personal_website/personal_website/_site/assets/img/10-1400.webp"
       Imagemagick: Generating image "C:/Users/aiden/Desktop/Personal_website/personal_website/_site/assets/img/11-480.webp"
       Imagemagick: Generating image "C:/Users/aiden/Desktop/Personal_website/personal_website/_site/assets/img/11-800.webp"
       Imagemagick: Generating image "C:/Users/aiden/Desktop/Personal_website/personal_website/_site/assets/img/11-1400.webp"
       Imagemagick: Generating image "C:/Users/aiden/Desktop/Personal_website/personal_website/_site/assets/img/12-480.webp"
       Imagemagick: Generating image "C:/Users/aiden/Desktop/Personal_website/personal_website/_site/assets/img/12-800.webp"
       Imagemagick: Generating image "C:/Users/aiden/Desktop/Personal_website/personal_website/_site/assets/img/12-1400.webp"
       Imagemagick: Generating image "C:/Users/aiden/Desktop/Personal_website/personal_website/_site/assets/img/2-480.webp"
       Imagemagick: Generating image "C:/Users/aiden/Desktop/Personal_website/personal_website/_site/assets/img/2-800.webp"
       Imagemagick: Generating image "C:/Users/aiden/Desktop/Personal_website/personal_website/_site/assets/img/2-1400.webp"
       Imagemagick: Generating image "C:/Users/aiden/Desktop/Personal_website/personal_website/_site/assets/img/3-480.webp"
       Imagemagick: Generating image "C:/Users/aiden/Desktop/Personal_website/personal_website/_site/assets/img/3-800.webp"
       Imagemagick: Generating image "C:/Users/aiden/Desktop/Personal_website/personal_website/_site/assets/img/3-1400.webp"
       Imagemagick: Generating image "C:/Users/aiden/Desktop/Personal_website/personal_website/_site/assets/img/4-480.webp"
       Imagemagick: Generating image "C:/Users/aiden/Desktop/Personal_website/personal_website/_site/assets/img/4-800.webp"
       Imagemagick: Generating image "C:/Users/aiden/Desktop/Personal_website/personal_website/_site/assets/img/4-1400.webp"
       Imagemagick: Generating image "C:/Users/aiden/Desktop/Personal_website/personal_website/_site/assets/img/5-480.webp"
       Imagemagick: Generating image "C:/Users/aiden/Desktop/Personal_website/personal_website/_site/assets/img/5-800.webp"
       Imagemagick: Generating image "C:/Users/aiden/Desktop/Personal_website/personal_website/_site/assets/img/5-1400.webp"
       Imagemagick: Generating image "C:/Users/aiden/Desktop/Personal_website/personal_website/_site/assets/img/6-480.webp"
       Imagemagick: Generating image "C:/Users/aiden/Desktop/Personal_website/personal_website/_site/assets/img/6-800.webp"
       Imagemagick: Generating image "C:/Users/aiden/Desktop/Personal_website/personal_website/_site/assets/img/6-1400.webp"
       Imagemagick: Generating image "C:/Users/aiden/Desktop/Personal_website/personal_website/_site/assets/img/7-480.webp"
       Imagemagick: Generating image "C:/Users/aiden/Desktop/Personal_website/personal_website/_site/assets/img/7-800.webp"
       Imagemagick: Generating image "C:/Users/aiden/Desktop/Personal_website/personal_website/_site/assets/img/7-1400.webp"
       Imagemagick: Generating image "C:/Users/aiden/Desktop/Personal_website/personal_website/_site/assets/img/8-480.webp"
       Imagemagick: Generating image "C:/Users/aiden/Desktop/Personal_website/personal_website/_site/assets/img/8-800.webp"
       Imagemagick: Generating image "C:/Users/aiden/Desktop/Personal_website/personal_website/_site/assets/img/8-1400.webp"
       Imagemagick: Generating image "C:/Users/aiden/Desktop/Personal_website/personal_website/_site/assets/img/9-480.webp"
       Imagemagick: Generating image "C:/Users/aiden/Desktop/Personal_website/personal_website/_site/assets/img/9-800.webp"
       Imagemagick: Generating image "C:/Users/aiden/Desktop/Personal_website/personal_website/_site/assets/img/9-1400.webp"
       Imagemagick: Generating image "C:/Users/aiden/Desktop/Personal_website/personal_website/_site/assets/img/book_covers/the_godfather-480.webp"
       Imagemagick: Generating image "C:/Users/aiden/Desktop/Personal_website/personal_website/_site/assets/img/book_covers/the_godfather-800.webp"
       Imagemagick: Generating image "C:/Users/aiden/Desktop/Personal_website/personal_website/_site/assets/img/book_covers/the_godfather-1400.webp"
       Imagemagick: Generating image "C:/Users/aiden/Desktop/Personal_website/personal_website/_site/assets/img/prof_pic-480.webp"
       Imagemagick: Generating image "C:/Users/aiden/Desktop/Personal_website/personal_website/_site/assets/img/prof_pic-800.webp"
       Imagemagick: Generating image "C:/Users/aiden/Desktop/Personal_website/personal_website/_site/assets/img/prof_pic-1400.webp"
       Imagemagick: Generating image "C:/Users/aiden/Desktop/Personal_website/personal_website/_site/assets/img/prof_pic_color-480.webp"
       Imagemagick: Generating image "C:/Users/aiden/Desktop/Personal_website/personal_website/_site/assets/img/prof_pic_color-800.webp"
       Imagemagick: Generating image "C:/Users/aiden/Desktop/Personal_website/personal_website/_site/assets/img/prof_pic_color-1400.webp"
       Imagemagick: Generating image "C:/Users/aiden/Desktop/Personal_website/personal_website/_site/assets/img/publication_preview/MoTVLA-480.webp"
       Imagemagick: Generating image "C:/Users/aiden/Desktop/Personal_website/personal_website/_site/assets/img/publication_preview/MoTVLA-800.webp"
       Imagemagick: Generating image "C:/Users/aiden/Desktop/Personal_website/personal_website/_site/assets/img/publication_preview/MoTVLA-1400.webp"
       Imagemagick: Generating image "C:/Users/aiden/Desktop/Personal_website/personal_website/_site/assets/img/publication_preview/ViSA-480.webp"
       Imagemagick: Generating image "C:/Users/aiden/Desktop/Personal_website/personal_website/_site/assets/img/publication_preview/ViSA-800.webp"
       Imagemagick: Generating image "C:/Users/aiden/Desktop/Personal_website/personal_website/_site/assets/img/publication_preview/ViSA-1400.webp"
       Imagemagick: Generating image "C:/Users/aiden/Desktop/Personal_website/personal_website/_site/assets/img/publication_preview/brownian-motion-480.webp"
       Imagemagick: Generating image "C:/Users/aiden/Desktop/Personal_website/personal_website/_site/assets/img/publication_preview/brownian-motion-800.webp"
       Imagemagick: Generating image "C:/Users/aiden/Desktop/Personal_website/personal_website/_site/assets/img/publication_preview/brownian-motion-1400.webp"
       Imagemagick: Generating image "C:/Users/aiden/Desktop/Personal_website/personal_website/_site/assets/img/publication_preview/compose-480.webp"
       Imagemagick: Generating image "C:/Users/aiden/Desktop/Personal_website/personal_website/_site/assets/img/publication_preview/compose-800.webp"
       Imagemagick: Generating image "C:/Users/aiden/Desktop/Personal_website/personal_website/_site/assets/img/publication_preview/compose-1400.webp"
       Imagemagick: Generating image "C:/Users/aiden/Desktop/Personal_website/personal_website/_site/assets/img/publication_preview/iccv2023_cover-480.webp"
       Imagemagick: Generating image "C:/Users/aiden/Desktop/Personal_website/personal_website/_site/assets/img/publication_preview/iccv2023_cover-800.webp"
       Imagemagick: Generating image "C:/Users/aiden/Desktop/Personal_website/personal_website/_site/assets/img/publication_preview/iccv2023_cover-1400.webp"
       Imagemagick: Generating image "C:/Users/aiden/Desktop/Personal_website/personal_website/_site/assets/img/publication_preview/icra2024_cover-480.webp"
       Imagemagick: Generating image "C:/Users/aiden/Desktop/Personal_website/personal_website/_site/assets/img/publication_preview/icra2024_cover-800.webp"
       Imagemagick: Generating image "C:/Users/aiden/Desktop/Personal_website/personal_website/_site/assets/img/publication_preview/icra2024_cover-1400.webp"
       Imagemagick: Generating image "C:/Users/aiden/Desktop/Personal_website/personal_website/_site/assets/img/publication_preview/robocrafter-480.webp"
       Imagemagick: Generating image "C:/Users/aiden/Desktop/Personal_website/personal_website/_site/assets/img/publication_preview/robocrafter-800.webp"
       Imagemagick: Generating image "C:/Users/aiden/Desktop/Personal_website/personal_website/_site/assets/img/publication_preview/robocrafter-1400.webp"
       Imagemagick: Generating image "C:/Users/aiden/Desktop/Personal_website/personal_website/_site/assets/img/publication_preview/tns2023_cover-480.webp"
       Imagemagick: Generating image "C:/Users/aiden/Desktop/Personal_website/personal_website/_site/assets/img/publication_preview/tns2023_cover-800.webp"
       Imagemagick: Generating image "C:/Users/aiden/Desktop/Personal_website/personal_website/_site/assets/img/publication_preview/tns2023_cover-1400.webp"
       Imagemagick: Generating image "C:/Users/aiden/Desktop/Personal_website/personal_website/_site/assets/img/publication_preview/wave-mechanics-480.webp"
       Imagemagick: Generating image "C:/Users/aiden/Desktop/Personal_website/personal_website/_site/assets/img/publication_preview/wave-mechanics-800.webp"
       Imagemagick: Generating image "C:/Users/aiden/Desktop/Personal_website/personal_website/_site/assets/img/publication_preview/wave-mechanics-1400.webp"
       Imagemagick: Generating image "C:/Users/aiden/Desktop/Personal_website/personal_website/_site/assets/img/rhino-480.webp"
       Imagemagick: Generating image "C:/Users/aiden/Desktop/Personal_website/personal_website/_site/assets/img/rhino-800.webp"
       Imagemagick: Generating image "C:/Users/aiden/Desktop/Personal_website/personal_website/_site/assets/img/rhino-1400.webp"
       Imagemagick: Generating image "C:/Users/aiden/Desktop/Personal_website/personal_website/_site/assets/img/template_error-480.webp"
       Imagemagick: Generating image "C:/Users/aiden/Desktop/Personal_website/personal_website/_site/assets/img/template_error-800.webp"
       Imagemagick: Generating image "C:/Users/aiden/Desktop/Personal_website/personal_website/_site/assets/img/template_error-1400.webp"
       Imagemagick: Generated 78 file(s)
                    ...done in 8.9976175 seconds.
                    
      Regenerating: 2 file(s) changed at 2026-04-22 12:45:12
                    jekyll-serve.err
                    jekyll-serve.log
Terser: Minifying C:/Users/aiden/Desktop/Personal_website/personal_website/assets/js/bibsearch.js
Terser: Minifying C:/Users/aiden/Desktop/Personal_website/personal_website/assets/js/calendar-setup.js
Terser: Minifying C:/Users/aiden/Desktop/Personal_website/personal_website/assets/js/chartjs-setup.js
Terser: Minifying C:/Users/aiden/Desktop/Personal_website/personal_website/assets/js/common.js
Terser: Minifying C:/Users/aiden/Desktop/Personal_website/personal_website/assets/js/copy_code.js
Terser: Minifying C:/Users/aiden/Desktop/Personal_website/personal_website/assets/js/diff2html-setup.js
Terser: Minifying C:/Users/aiden/Desktop/Personal_website/personal_website/assets/js/distillpub/overrides.js
Terser: Minifying C:/Users/aiden/Desktop/Personal_website/personal_website/assets/js/distillpub/template.v2.js
Terser: Minifying C:/Users/aiden/Desktop/Personal_website/personal_website/assets/js/distillpub/transforms.v2.js
Terser: Minifying C:/Users/aiden/Desktop/Personal_website/personal_website/assets/js/echarts-setup.js
Terser: Minifying C:/Users/aiden/Desktop/Personal_website/personal_website/assets/js/highlight-search-term.js
Terser: Minifying C:/Users/aiden/Desktop/Personal_website/personal_website/assets/js/jupyter_new_tab.js
Terser: Minifying C:/Users/aiden/Desktop/Personal_website/personal_website/assets/js/leaflet-setup.js
Terser: Minifying C:/Users/aiden/Desktop/Personal_website/personal_website/assets/js/masonry.js
Terser: Minifying C:/Users/aiden/Desktop/Personal_website/personal_website/assets/js/mathjax-setup.js
Terser: Minifying C:/Users/aiden/Desktop/Personal_website/personal_website/assets/js/mermaid-setup.js
Terser: Minifying C:/Users/aiden/Desktop/Personal_website/personal_website/assets/js/newsletter.js
Terser: Minifying C:/Users/aiden/Desktop/Personal_website/personal_website/assets/js/no_defer.js
Terser: Minifying C:/Users/aiden/Desktop/Personal_website/personal_website/assets/js/plotly-setup.js
Terser: Minifying C:/Users/aiden/Desktop/Personal_website/personal_website/assets/js/progress-bar.js
Terser: Minifying C:/Users/aiden/Desktop/Personal_website/personal_website/assets/js/pseudocode-setup.js
Terser: Minifying C:/Users/aiden/Desktop/Personal_website/personal_website/assets/js/search-setup.js
Terser: Minifying C:/Users/aiden/Desktop/Personal_website/personal_website/assets/js/shortcut-key.js
Terser: Minifying C:/Users/aiden/Desktop/Personal_website/personal_website/assets/js/theme.js
Terser: Minifying C:/Users/aiden/Desktop/Personal_website/personal_website/assets/js/tooltips-setup.js
Terser: Minifying C:/Users/aiden/Desktop/Personal_website/personal_website/assets/js/typograms.js
Terser: Minifying C:/Users/aiden/Desktop/Personal_website/personal_website/assets/js/vega-setup.js
Terser: Minifying C:/Users/aiden/Desktop/Personal_website/personal_website/assets/js/venobox-setup.js
Terser: Minifying C:/Users/aiden/Desktop/Personal_website/personal_website/assets/js/wechat.js
Terser: Minifying C:/Users/aiden/Desktop/Personal_website/personal_website/assets/js/zoom.js
       Jekyll Feed: Generating feed for posts
         AutoPages: Disabled/Not configured in site.config.
        Pagination: Complete, processed 1 pagination page(s)
       Imagemagick: Searching files in C:/Users/aiden/Desktop/Personal_website/personal_website/assets/img/
       Imagemagick: Generating image "C:/Users/aiden/Desktop/Personal_website/personal_website/_site/assets/img/1-480.webp"
       Imagemagick: Generating image "C:/Users/aiden/Desktop/Personal_website/personal_website/_site/assets/img/1-800.webp"
       Imagemagick: Generating image "C:/Users/aiden/Desktop/Personal_website/personal_website/_site/assets/img/1-1400.webp"
       Imagemagick: Generating image "C:/Users/aiden/Desktop/Personal_website/personal_website/_site/assets/img/10-480.webp"
       Imagemagick: Generating image "C:/Users/aiden/Desktop/Personal_website/personal_website/_site/assets/img/10-800.webp"
       Imagemagick: Generating image "C:/Users/aiden/Desktop/Personal_website/personal_website/_site/assets/img/10-1400.webp"
       Imagemagick: Generating image "C:/Users/aiden/Desktop/Personal_website/personal_website/_site/assets/img/11-480.webp"
       Imagemagick: Generating image "C:/Users/aiden/Desktop/Personal_website/personal_website/_site/assets/img/11-800.webp"
       Imagemagick: Generating image "C:/Users/aiden/Desktop/Personal_website/personal_website/_site/assets/img/11-1400.webp"
       Imagemagick: Generating image "C:/Users/aiden/Desktop/Personal_website/personal_website/_site/assets/img/12-480.webp"
       Imagemagick: Generating image "C:/Users/aiden/Desktop/Personal_website/personal_website/_site/assets/img/12-800.webp"
       Imagemagick: Generating image "C:/Users/aiden/Desktop/Personal_website/personal_website/_site/assets/img/12-1400.webp"
       Imagemagick: Generating image "C:/Users/aiden/Desktop/Personal_website/personal_website/_site/assets/img/2-480.webp"
       Imagemagick: Generating image "C:/Users/aiden/Desktop/Personal_website/personal_website/_site/assets/img/2-800.webp"
       Imagemagick: Generating image "C:/Users/aiden/Desktop/Personal_website/personal_website/_site/assets/img/2-1400.webp"
       Imagemagick: Generating image "C:/Users/aiden/Desktop/Personal_website/personal_website/_site/assets/img/3-480.webp"
       Imagemagick: Generating image "C:/Users/aiden/Desktop/Personal_website/personal_website/_site/assets/img/3-800.webp"
       Imagemagick: Generating image "C:/Users/aiden/Desktop/Personal_website/personal_website/_site/assets/img/3-1400.webp"
       Imagemagick: Generating image "C:/Users/aiden/Desktop/Personal_website/personal_website/_site/assets/img/4-480.webp"
       Imagemagick: Generating image "C:/Users/aiden/Desktop/Personal_website/personal_website/_site/assets/img/4-800.webp"
       Imagemagick: Generating image "C:/Users/aiden/Desktop/Personal_website/personal_website/_site/assets/img/4-1400.webp"
       Imagemagick: Generating image "C:/Users/aiden/Desktop/Personal_website/personal_website/_site/assets/img/5-480.webp"
       Imagemagick: Generating image "C:/Users/aiden/Desktop/Personal_website/personal_website/_site/assets/img/5-800.webp"
       Imagemagick: Generating image "C:/Users/aiden/Desktop/Personal_website/personal_website/_site/assets/img/5-1400.webp"
       Imagemagick: Generating image "C:/Users/aiden/Desktop/Personal_website/personal_website/_site/assets/img/6-480.webp"
       Imagemagick: Generating image "C:/Users/aiden/Desktop/Personal_website/personal_website/_site/assets/img/6-800.webp"
       Imagemagick: Generating image "C:/Users/aiden/Desktop/Personal_website/personal_website/_site/assets/img/6-1400.webp"
       Imagemagick: Generating image "C:/Users/aiden/Desktop/Personal_website/personal_website/_site/assets/img/7-480.webp"
       Imagemagick: Generating image "C:/Users/aiden/Desktop/Personal_website/personal_website/_site/assets/img/7-800.webp"
       Imagemagick: Generating image "C:/Users/aiden/Desktop/Personal_website/personal_website/_site/assets/img/7-1400.webp"
       Imagemagick: Generating image "C:/Users/aiden/Desktop/Personal_website/personal_website/_site/assets/img/8-480.webp"
       Imagemagick: Generating image "C:/Users/aiden/Desktop/Personal_website/personal_website/_site/assets/img/8-800.webp"
       Imagemagick: Generating image "C:/Users/aiden/Desktop/Personal_website/personal_website/_site/assets/img/8-1400.webp"
       Imagemagick: Generating image "C:/Users/aiden/Desktop/Personal_website/personal_website/_site/assets/img/9-480.webp"
       Imagemagick: Generating image "C:/Users/aiden/Desktop/Personal_website/personal_website/_site/assets/img/9-800.webp"
       Imagemagick: Generating image "C:/Users/aiden/Desktop/Personal_website/personal_website/_site/assets/img/9-1400.webp"
       Imagemagick: Generating image "C:/Users/aiden/Desktop/Personal_website/personal_website/_site/assets/img/book_covers/the_godfather-480.webp"
       Imagemagick: Generating image "C:/Users/aiden/Desktop/Personal_website/personal_website/_site/assets/img/book_covers/the_godfather-800.webp"
       Imagemagick: Generating image "C:/Users/aiden/Desktop/Personal_website/personal_website/_site/assets/img/book_covers/the_godfather-1400.webp"
       Imagemagick: Generating image "C:/Users/aiden/Desktop/Personal_website/personal_website/_site/assets/img/prof_pic-480.webp"
       Imagemagick: Generating image "C:/Users/aiden/Desktop/Personal_website/personal_website/_site/assets/img/prof_pic-800.webp"
       Imagemagick: Generating image "C:/Users/aiden/Desktop/Personal_website/personal_website/_site/assets/img/prof_pic-1400.webp"
       Imagemagick: Generating image "C:/Users/aiden/Desktop/Personal_website/personal_website/_site/assets/img/prof_pic_color-480.webp"
       Imagemagick: Generating image "C:/Users/aiden/Desktop/Personal_website/personal_website/_site/assets/img/prof_pic_color-800.webp"
       Imagemagick: Generating image "C:/Users/aiden/Desktop/Personal_website/personal_website/_site/assets/img/prof_pic_color-1400.webp"
       Imagemagick: Generating image "C:/Users/aiden/Desktop/Personal_website/personal_website/_site/assets/img/publication_preview/MoTVLA-480.webp"
       Imagemagick: Generating image "C:/Users/aiden/Desktop/Personal_website/personal_website/_site/assets/img/publication_preview/MoTVLA-800.webp"
       Imagemagick: Generating image "C:/Users/aiden/Desktop/Personal_website/personal_website/_site/assets/img/publication_preview/MoTVLA-1400.webp"
       Imagemagick: Generating image "C:/Users/aiden/Desktop/Personal_website/personal_website/_site/assets/img/publication_preview/ViSA-480.webp"
       Imagemagick: Generating image "C:/Users/aiden/Desktop/Personal_website/personal_website/_site/assets/img/publication_preview/ViSA-800.webp"
       Imagemagick: Generating image "C:/Users/aiden/Desktop/Personal_website/personal_website/_site/assets/img/publication_preview/ViSA-1400.webp"
       Imagemagick: Generating image "C:/Users/aiden/Desktop/Personal_website/personal_website/_site/assets/img/publication_preview/brownian-motion-480.webp"
       Imagemagick: Generating image "C:/Users/aiden/Desktop/Personal_website/personal_website/_site/assets/img/publication_preview/brownian-motion-800.webp"
       Imagemagick: Generating image "C:/Users/aiden/Desktop/Personal_website/personal_website/_site/assets/img/publication_preview/brownian-motion-1400.webp"
       Imagemagick: Generating image "C:/Users/aiden/Desktop/Personal_website/personal_website/_site/assets/img/publication_preview/compose-480.webp"
       Imagemagick: Generating image "C:/Users/aiden/Desktop/Personal_website/personal_website/_site/assets/img/publication_preview/compose-800.webp"
       Imagemagick: Generating image "C:/Users/aiden/Desktop/Personal_website/personal_website/_site/assets/img/publication_preview/compose-1400.webp"
       Imagemagick: Generating image "C:/Users/aiden/Desktop/Personal_website/personal_website/_site/assets/img/publication_preview/iccv2023_cover-480.webp"
       Imagemagick: Generating image "C:/Users/aiden/Desktop/Personal_website/personal_website/_site/assets/img/publication_preview/iccv2023_cover-800.webp"
       Imagemagick: Generating image "C:/Users/aiden/Desktop/Personal_website/personal_website/_site/assets/img/publication_preview/iccv2023_cover-1400.webp"
       Imagemagick: Generating image "C:/Users/aiden/Desktop/Personal_website/personal_website/_site/assets/img/publication_preview/icra2024_cover-480.webp"
       Imagemagick: Generating image "C:/Users/aiden/Desktop/Personal_website/personal_website/_site/assets/img/publication_preview/icra2024_cover-800.webp"
       Imagemagick: Generating image "C:/Users/aiden/Desktop/Personal_website/personal_website/_site/assets/img/publication_preview/icra2024_cover-1400.webp"
       Imagemagick: Generating image "C:/Users/aiden/Desktop/Personal_website/personal_website/_site/assets/img/publication_preview/robocrafter-480.webp"
       Imagemagick: Generating image "C:/Users/aiden/Desktop/Personal_website/personal_website/_site/assets/img/publication_preview/robocrafter-800.webp"
       Imagemagick: Generating image "C:/Users/aiden/Desktop/Personal_website/personal_website/_site/assets/img/publication_preview/robocrafter-1400.webp"
       Imagemagick: Generating image "C:/Users/aiden/Desktop/Personal_website/personal_website/_site/assets/img/publication_preview/tns2023_cover-480.webp"
       Imagemagick: Generating image "C:/Users/aiden/Desktop/Personal_website/personal_website/_site/assets/img/publication_preview/tns2023_cover-800.webp"
       Imagemagick: Generating image "C:/Users/aiden/Desktop/Personal_website/personal_website/_site/assets/img/publication_preview/tns2023_cover-1400.webp"
       Imagemagick: Generating image "C:/Users/aiden/Desktop/Personal_website/personal_website/_site/assets/img/publication_preview/wave-mechanics-480.webp"
       Imagemagick: Generating image "C:/Users/aiden/Desktop/Personal_website/personal_website/_site/assets/img/publication_preview/wave-mechanics-800.webp"
       Imagemagick: Generating image "C:/Users/aiden/Desktop/Personal_website/personal_website/_site/assets/img/publication_preview/wave-mechanics-1400.webp"
       Imagemagick: Generating image "C:/Users/aiden/Desktop/Personal_website/personal_website/_site/assets/img/rhino-480.webp"
       Imagemagick: Generating image "C:/Users/aiden/Desktop/Personal_website/personal_website/_site/assets/img/rhino-800.webp"
       Imagemagick: Generating image "C:/Users/aiden/Desktop/Personal_website/personal_website/_site/assets/img/rhino-1400.webp"
       Imagemagick: Generating image "C:/Users/aiden/Desktop/Personal_website/personal_website/_site/assets/img/template_error-480.webp"
       Imagemagick: Generating image "C:/Users/aiden/Desktop/Personal_website/personal_website/_site/assets/img/template_error-800.webp"
       Imagemagick: Generating image "C:/Users/aiden/Desktop/Personal_website/personal_website/_site/assets/img/template_error-1400.webp"
       Imagemagick: Generated 78 file(s)
                    ...done in 8.48569 seconds.
                    
      Regenerating: 2 file(s) changed at 2026-04-22 12:45:21
                    jekyll-serve.err
                    jekyll-serve.log
Terser: Minifying C:/Users/aiden/Desktop/Personal_website/personal_website/assets/js/bibsearch.js
Terser: Minifying C:/Users/aiden/Desktop/Personal_website/personal_website/assets/js/calendar-setup.js
Terser: Minifying C:/Users/aiden/Desktop/Personal_website/personal_website/assets/js/chartjs-setup.js
Terser: Minifying C:/Users/aiden/Desktop/Personal_website/personal_website/assets/js/common.js
Terser: Minifying C:/Users/aiden/Desktop/Personal_website/personal_website/assets/js/copy_code.js
Terser: Minifying C:/Users/aiden/Desktop/Personal_website/personal_website/assets/js/diff2html-setup.js
Terser: Minifying C:/Users/aiden/Desktop/Personal_website/personal_website/assets/js/distillpub/overrides.js
Terser: Minifying C:/Users/aiden/Desktop/Personal_website/personal_website/assets/js/distillpub/template.v2.js
Terser: Minifying C:/Users/aiden/Desktop/Personal_website/personal_website/assets/js/distillpub/transforms.v2.js
Terser: Minifying C:/Users/aiden/Desktop/Personal_website/personal_website/assets/js/echarts-setup.js
Terser: Minifying C:/Users/aiden/Desktop/Personal_website/personal_website/assets/js/highlight-search-term.js
Terser: Minifying C:/Users/aiden/Desktop/Personal_website/personal_website/assets/js/jupyter_new_tab.js
Terser: Minifying C:/Users/aiden/Desktop/Personal_website/personal_website/assets/js/leaflet-setup.js
Terser: Minifying C:/Users/aiden/Desktop/Personal_website/personal_website/assets/js/masonry.js
Terser: Minifying C:/Users/aiden/Desktop/Personal_website/personal_website/assets/js/mathjax-setup.js
Terser: Minifying C:/Users/aiden/Desktop/Personal_website/personal_website/assets/js/mermaid-setup.js
Terser: Minifying C:/Users/aiden/Desktop/Personal_website/personal_website/assets/js/newsletter.js
Terser: Minifying C:/Users/aiden/Desktop/Personal_website/personal_website/assets/js/no_defer.js
Terser: Minifying C:/Users/aiden/Desktop/Personal_website/personal_website/assets/js/plotly-setup.js
Terser: Minifying C:/Users/aiden/Desktop/Personal_website/personal_website/assets/js/progress-bar.js
Terser: Minifying C:/Users/aiden/Desktop/Personal_website/personal_website/assets/js/pseudocode-setup.js
Terser: Minifying C:/Users/aiden/Desktop/Personal_website/personal_website/assets/js/search-setup.js
Terser: Minifying C:/Users/aiden/Desktop/Personal_website/personal_website/assets/js/shortcut-key.js
Terser: Minifying C:/Users/aiden/Desktop/Personal_website/personal_website/assets/js/theme.js
Terser: Minifying C:/Users/aiden/Desktop/Personal_website/personal_website/assets/js/tooltips-setup.js
Terser: Minifying C:/Users/aiden/Desktop/Personal_website/personal_website/assets/js/typograms.js
Terser: Minifying C:/Users/aiden/Desktop/Personal_website/personal_website/assets/js/vega-setup.js
Terser: Minifying C:/Users/aiden/Desktop/Personal_website/personal_website/assets/js/venobox-setup.js
Terser: Minifying C:/Users/aiden/Desktop/Personal_website/personal_website/assets/js/wechat.js
Terser: Minifying C:/Users/aiden/Desktop/Personal_website/personal_website/assets/js/zoom.js
       Jekyll Feed: Generating feed for posts
         AutoPages: Disabled/Not configured in site.config.
        Pagination: Complete, processed 1 pagination page(s)
       Imagemagick: Searching files in C:/Users/aiden/Desktop/Personal_website/personal_website/assets/img/
       Imagemagick: Generating image "C:/Users/aiden/Desktop/Personal_website/personal_website/_site/assets/img/1-480.webp"
       Imagemagick: Generating image "C:/Users/aiden/Desktop/Personal_website/personal_website/_site/assets/img/1-800.webp"
       Imagemagick: Generating image "C:/Users/aiden/Desktop/Personal_website/personal_website/_site/assets/img/1-1400.webp"
       Imagemagick: Generating image "C:/Users/aiden/Desktop/Personal_website/personal_website/_site/assets/img/10-480.webp"
       Imagemagick: Generating image "C:/Users/aiden/Desktop/Personal_website/personal_website/_site/assets/img/10-800.webp"
       Imagemagick: Generating image "C:/Users/aiden/Desktop/Personal_website/personal_website/_site/assets/img/10-1400.webp"
       Imagemagick: Generating image "C:/Users/aiden/Desktop/Personal_website/personal_website/_site/assets/img/11-480.webp"
       Imagemagick: Generating image "C:/Users/aiden/Desktop/Personal_website/personal_website/_site/assets/img/11-800.webp"
       Imagemagick: Generating image "C:/Users/aiden/Desktop/Personal_website/personal_website/_site/assets/img/11-1400.webp"
       Imagemagick: Generating image "C:/Users/aiden/Desktop/Personal_website/personal_website/_site/assets/img/12-480.webp"
       Imagemagick: Generating image "C:/Users/aiden/Desktop/Personal_website/personal_website/_site/assets/img/12-800.webp"
       Imagemagick: Generating image "C:/Users/aiden/Desktop/Personal_website/personal_website/_site/assets/img/12-1400.webp"
       Imagemagick: Generating image "C:/Users/aiden/Desktop/Personal_website/personal_website/_site/assets/img/2-480.webp"
       Imagemagick: Generating image "C:/Users/aiden/Desktop/Personal_website/personal_website/_site/assets/img/2-800.webp"
       Imagemagick: Generating image "C:/Users/aiden/Desktop/Personal_website/personal_website/_site/assets/img/2-1400.webp"
       Imagemagick: Generating image "C:/Users/aiden/Desktop/Personal_website/personal_website/_site/assets/img/3-480.webp"
       Imagemagick: Generating image "C:/Users/aiden/Desktop/Personal_website/personal_website/_site/assets/img/3-800.webp"
       Imagemagick: Generating image "C:/Users/aiden/Desktop/Personal_website/personal_website/_site/assets/img/3-1400.webp"
       Imagemagick: Generating image "C:/Users/aiden/Desktop/Personal_website/personal_website/_site/assets/img/4-480.webp"
       Imagemagick: Generating image "C:/Users/aiden/Desktop/Personal_website/personal_website/_site/assets/img/4-800.webp"
       Imagemagick: Generating image "C:/Users/aiden/Desktop/Personal_website/personal_website/_site/assets/img/4-1400.webp"
       Imagemagick: Generating image "C:/Users/aiden/Desktop/Personal_website/personal_website/_site/assets/img/5-480.webp"
       Imagemagick: Generating image "C:/Users/aiden/Desktop/Personal_website/personal_website/_site/assets/img/5-800.webp"
       Imagemagick: Generating image "C:/Users/aiden/Desktop/Personal_website/personal_website/_site/assets/img/5-1400.webp"
       Imagemagick: Generating image "C:/Users/aiden/Desktop/Personal_website/personal_website/_site/assets/img/6-480.webp"
       Imagemagick: Generating image "C:/Users/aiden/Desktop/Personal_website/personal_website/_site/assets/img/6-800.webp"
       Imagemagick: Generating image "C:/Users/aiden/Desktop/Personal_website/personal_website/_site/assets/img/6-1400.webp"
       Imagemagick: Generating image "C:/Users/aiden/Desktop/Personal_website/personal_website/_site/assets/img/7-480.webp"
       Imagemagick: Generating image "C:/Users/aiden/Desktop/Personal_website/personal_website/_site/assets/img/7-800.webp"
       Imagemagick: Generating image "C:/Users/aiden/Desktop/Personal_website/personal_website/_site/assets/img/7-1400.webp"
       Imagemagick: Generating image "C:/Users/aiden/Desktop/Personal_website/personal_website/_site/assets/img/8-480.webp"
       Imagemagick: Generating image "C:/Users/aiden/Desktop/Personal_website/personal_website/_site/assets/img/8-800.webp"
       Imagemagick: Generating image "C:/Users/aiden/Desktop/Personal_website/personal_website/_site/assets/img/8-1400.webp"
       Imagemagick: Generating image "C:/Users/aiden/Desktop/Personal_website/personal_website/_site/assets/img/9-480.webp"
       Imagemagick: Generating image "C:/Users/aiden/Desktop/Personal_website/personal_website/_site/assets/img/9-800.webp"
       Imagemagick: Generating image "C:/Users/aiden/Desktop/Personal_website/personal_website/_site/assets/img/9-1400.webp"
       Imagemagick: Generating image "C:/Users/aiden/Desktop/Personal_website/personal_website/_site/assets/img/book_covers/the_godfather-480.webp"
       Imagemagick: Generating image "C:/Users/aiden/Desktop/Personal_website/personal_website/_site/assets/img/book_covers/the_godfather-800.webp"
       Imagemagick: Generating image "C:/Users/aiden/Desktop/Personal_website/personal_website/_site/assets/img/book_covers/the_godfather-1400.webp"
       Imagemagick: Generating image "C:/Users/aiden/Desktop/Personal_website/personal_website/_site/assets/img/prof_pic-480.webp"
       Imagemagick: Generating image "C:/Users/aiden/Desktop/Personal_website/personal_website/_site/assets/img/prof_pic-800.webp"
       Imagemagick: Generating image "C:/Users/aiden/Desktop/Personal_website/personal_website/_site/assets/img/prof_pic-1400.webp"
       Imagemagick: Generating image "C:/Users/aiden/Desktop/Personal_website/personal_website/_site/assets/img/prof_pic_color-480.webp"
       Imagemagick: Generating image "C:/Users/aiden/Desktop/Personal_website/personal_website/_site/assets/img/prof_pic_color-800.webp"
       Imagemagick: Generating image "C:/Users/aiden/Desktop/Personal_website/personal_website/_site/assets/img/prof_pic_color-1400.webp"
       Imagemagick: Generating image "C:/Users/aiden/Desktop/Personal_website/personal_website/_site/assets/img/publication_preview/MoTVLA-480.webp"
       Imagemagick: Generating image "C:/Users/aiden/Desktop/Personal_website/personal_website/_site/assets/img/publication_preview/MoTVLA-800.webp"
       Imagemagick: Generating image "C:/Users/aiden/Desktop/Personal_website/personal_website/_site/assets/img/publication_preview/MoTVLA-1400.webp"
       Imagemagick: Generating image "C:/Users/aiden/Desktop/Personal_website/personal_website/_site/assets/img/publication_preview/ViSA-480.webp"
       Imagemagick: Generating image "C:/Users/aiden/Desktop/Personal_website/personal_website/_site/assets/img/publication_preview/ViSA-800.webp"
       Imagemagick: Generating image "C:/Users/aiden/Desktop/Personal_website/personal_website/_site/assets/img/publication_preview/ViSA-1400.webp"
       Imagemagick: Generating image "C:/Users/aiden/Desktop/Personal_website/personal_website/_site/assets/img/publication_preview/brownian-motion-480.webp"
       Imagemagick: Generating image "C:/Users/aiden/Desktop/Personal_website/personal_website/_site/assets/img/publication_preview/brownian-motion-800.webp"
       Imagemagick: Generating image "C:/Users/aiden/Desktop/Personal_website/personal_website/_site/assets/img/publication_preview/brownian-motion-1400.webp"
       Imagemagick: Generating image "C:/Users/aiden/Desktop/Personal_website/personal_website/_site/assets/img/publication_preview/compose-480.webp"
       Imagemagick: Generating image "C:/Users/aiden/Desktop/Personal_website/personal_website/_site/assets/img/publication_preview/compose-800.webp"
       Imagemagick: Generating image "C:/Users/aiden/Desktop/Personal_website/personal_website/_site/assets/img/publication_preview/compose-1400.webp"
       Imagemagick: Generating image "C:/Users/aiden/Desktop/Personal_website/personal_website/_site/assets/img/publication_preview/iccv2023_cover-480.webp"
       Imagemagick: Generating image "C:/Users/aiden/Desktop/Personal_website/personal_website/_site/assets/img/publication_preview/iccv2023_cover-800.webp"
       Imagemagick: Generating image "C:/Users/aiden/Desktop/Personal_website/personal_website/_site/assets/img/publication_preview/iccv2023_cover-1400.webp"
       Imagemagick: Generating image "C:/Users/aiden/Desktop/Personal_website/personal_website/_site/assets/img/publication_preview/icra2024_cover-480.webp"
       Imagemagick: Generating image "C:/Users/aiden/Desktop/Personal_website/personal_website/_site/assets/img/publication_preview/icra2024_cover-800.webp"
       Imagemagick: Generating image "C:/Users/aiden/Desktop/Personal_website/personal_website/_site/assets/img/publication_preview/icra2024_cover-1400.webp"
       Imagemagick: Generating image "C:/Users/aiden/Desktop/Personal_website/personal_website/_site/assets/img/publication_preview/robocrafter-480.webp"
       Imagemagick: Generating image "C:/Users/aiden/Desktop/Personal_website/personal_website/_site/assets/img/publication_preview/robocrafter-800.webp"
       Imagemagick: Generating image "C:/Users/aiden/Desktop/Personal_website/personal_website/_site/assets/img/publication_preview/robocrafter-1400.webp"
       Imagemagick: Generating image "C:/Users/aiden/Desktop/Personal_website/personal_website/_site/assets/img/publication_preview/tns2023_cover-480.webp"
       Imagemagick: Generating image "C:/Users/aiden/Desktop/Personal_website/personal_website/_site/assets/img/publication_preview/tns2023_cover-800.webp"
       Imagemagick: Generating image "C:/Users/aiden/Desktop/Personal_website/personal_website/_site/assets/img/publication_preview/tns2023_cover-1400.webp"
       Imagemagick: Generating image "C:/Users/aiden/Desktop/Personal_website/personal_website/_site/assets/img/publication_preview/wave-mechanics-480.webp"
       Imagemagick: Generating image "C:/Users/aiden/Desktop/Personal_website/personal_website/_site/assets/img/publication_preview/wave-mechanics-800.webp"
       Imagemagick: Generating image "C:/Users/aiden/Desktop/Personal_website/personal_website/_site/assets/img/publication_preview/wave-mechanics-1400.webp"
       Imagemagick: Generating image "C:/Users/aiden/Desktop/Personal_website/personal_website/_site/assets/img/rhino-480.webp"
       Imagemagick: Generating image "C:/Users/aiden/Desktop/Personal_website/personal_website/_site/assets/img/rhino-800.webp"
       Imagemagick: Generating image "C:/Users/aiden/Desktop/Personal_website/personal_website/_site/assets/img/rhino-1400.webp"
       Imagemagick: Generating image "C:/Users/aiden/Desktop/Personal_website/personal_website/_site/assets/img/template_error-480.webp"
       Imagemagick: Generating image "C:/Users/aiden/Desktop/Personal_website/personal_website/_site/assets/img/template_error-800.webp"
       Imagemagick: Generating image "C:/Users/aiden/Desktop/Personal_website/personal_website/_site/assets/img/template_error-1400.webp"
       Imagemagick: Generated 78 file(s)
